16/12/08 14:15:46 : Connection Closed Gracefully.
16/12/08 14:15:48 : Connection Closed Gracefully.
16/12/08 14:17:48 : Connection Closed Gracefully.
16/12/08 14:17:50 : Connection Closed Gracefully.
16/12/08 14:20:23 : Connection Closed Gracefully.
16/12/08 14:20:25 : Connection Closed Gracefully.
16/12/08 14:21:26 : Connection Closed Gracefully.
16/12/08 14:21:28 : Connection Closed Gracefully.
16/12/08 14:22:36 : Connection Closed Gracefully.
16/12/08 14:22:38 : Connection Closed Gracefully.
16/12/08 14:27:49 : Connection Closed Gracefully.
16/12/08 14:27:52 : Connection Closed Gracefully.
16/12/08 14:28:59 : Connection Closed Gracefully.
16/12/08 14:29:02 : Connection Closed Gracefully.
16/12/08 14:32:38 : Must issue a STARTTLS command first. s125sm1136507oia.0 - gsmtp<EOL>
16/12/08 14:32:38 : Must issue a STARTTLS command first. u68sm11352437oie.5 - gsmtp<EOL>
16/12/08 14:38:03 : Must issue a STARTTLS command first. r34sm11393688otr.12 - gsmtp<EOL>
16/12/08 14:38:03 : Must issue a STARTTLS command first. j71sm11469338oib.15 - gsmtp<EOL>
16/12/08 14:38:38 : Must issue a STARTTLS command first. x36sm11228778ota.5 - gsmtp<EOL>
16/12/08 14:38:38 : Must issue a STARTTLS command first. p58sm11385361otd.9 - gsmtp<EOL>
