[08-Dec-2016 19:51:33 Europe/Berlin] mail() on [F:\test\htdocs\index.php:14]: To: mycdfit@gmail.com -- Headers: From:shameelausmani@gmail.com
[08-Dec-2016 19:51:33 Europe/Berlin] mail() on [F:\test\htdocs\index.php:15]: To: shameelausmani@gmail.com -- Headers: From:mycdfit@gmail.com
[08-Dec-2016 19:54:11 Europe/Berlin] mail() on [F:\test\htdocs\index.php:14]: To: mycdfit@gmail.com -- Headers: From:shameelausmani@gmail.com
[08-Dec-2016 19:54:11 Europe/Berlin] mail() on [F:\test\htdocs\index.php:15]: To: shameelausmani@gmail.com -- Headers: From:mycdfit@gmail.com
[08-Dec-2016 19:59:28 Europe/Berlin] mail() on [F:\test\htdocs\index.php:14]: To: mycdfit@gmail.com -- Headers: From:shameelausmani@gmail.com
[08-Dec-2016 19:59:28 Europe/Berlin] mail() on [F:\test\htdocs\index.php:15]: To: shameelausmani@gmail.com -- Headers: From:mycdfit@gmail.com
[08-Dec-2016 20:00:42 Europe/Berlin] mail() on [F:\test\htdocs\index.php:14]: To: mycdfit@gmail.com -- Headers: From:shameelausmani@gmail.com
[08-Dec-2016 20:00:42 Europe/Berlin] mail() on [F:\test\htdocs\index.php:15]: To: shameelausmani@gmail.com -- Headers: From:mycdfit@gmail.com
[08-Dec-2016 20:05:13 Europe/Berlin] mail() on [F:\test\htdocs\index.php:14]: To: mycdfit@gmail.com -- Headers: From:shameelausmani@gmail.com
[08-Dec-2016 20:05:13 Europe/Berlin] mail() on [F:\test\htdocs\index.php:15]: To: shameelausmani@gmail.com -- Headers: From:mycdfit@gmail.com
[08-Dec-2016 20:07:20 Europe/Berlin] mail() on [F:\test\htdocs\index.php:14]: To: mycdfit@gmail.com -- Headers: From:abc@gmail.com
[08-Dec-2016 20:07:20 Europe/Berlin] mail() on [F:\test\htdocs\index.php:15]: To: abc@gmail.com -- Headers: From:mycdfit@gmail.com
[08-Dec-2016 20:10:10 Europe/Berlin] mail() on [F:\test\htdocs\index.php:14]: To: mycdfit@gmail.com -- Headers: From:abs@pwr.com
[08-Dec-2016 20:10:10 Europe/Berlin] mail() on [F:\test\htdocs\index.php:19]: To: abs@pwr.com -- Headers: From:mycdfit@gmail.com
[08-Dec-2016 20:11:08 Europe/Berlin] mail() on [F:\test\htdocs\index.php:14]: To: mycdfit@gmail.com -- Headers: From:mudit1992@yahoo.com
[08-Dec-2016 20:11:09 Europe/Berlin] mail() on [F:\test\htdocs\index.php:17]: To: mudit1992@yahoo.com -- Headers: From:mycdfit@gmail.com
[08-Dec-2016 20:14:34 Europe/Berlin] mail() on [F:\test\htdocs\index.php:14]: To: mycdfit@gmail.com -- Headers: From:shameelausmani@gmail.com
[08-Dec-2016 20:14:35 Europe/Berlin] mail() on [F:\test\htdocs\index.php:17]: To: shameelausmani@gmail.com -- Headers: From:mycdfit@gmail.com
[08-Dec-2016 20:15:41 Europe/Berlin] mail() on [F:\test\htdocs\index.php:14]: To: mycdfit@gmail.com -- Headers: From:shameelausmani@gmail.com
[08-Dec-2016 20:15:46 Europe/Berlin] mail() on [F:\test\htdocs\index.php:17]: To: shameelausmani@gmail.com -- Headers: From:mycdfit@gmail.com
[08-Dec-2016 20:17:46 Europe/Berlin] mail() on [F:\test\htdocs\index.php:14]: To: mycdfit@gmail.com -- Headers: From:shameelausmani@gmail.com
[08-Dec-2016 20:17:49 Europe/Berlin] mail() on [F:\test\htdocs\index.php:15]: To: shameelausmani@gmail.com -- Headers: From:mycdfit@gmail.com
[08-Dec-2016 20:20:22 Europe/Berlin] mail() on [F:\test\htdocs\index.php:14]: To: mycdfit@gmail.com -- Headers: From:mudit1992@yahoo.com
[08-Dec-2016 20:20:24 Europe/Berlin] mail() on [F:\test\htdocs\index.php:15]: To: mudit1992@yahoo.com -- Headers: From:mycdfit@gmail.com
[08-Dec-2016 20:21:25 Europe/Berlin] mail() on [F:\test\htdocs\index.php:14]: To: mycdfit@gmail.com -- Headers: From:shameelausmani@gmail.com
[08-Dec-2016 20:21:26 Europe/Berlin] mail() on [F:\test\htdocs\index.php:16]: To: shameelausmani@gmail.com -- Headers: From:mycdfit@gmail.com
[08-Dec-2016 20:22:34 Europe/Berlin] mail() on [F:\test\htdocs\index.php:14]: To: mycdfit@gmail.com -- Headers: From:shameelausmani@gmail.com
[08-Dec-2016 20:22:36 Europe/Berlin] mail() on [F:\test\htdocs\index.php:16]: To: shameelausmani@gmail.com -- Headers: From:mycdfit@gmail.com
[08-Dec-2016 20:24:51 Europe/Berlin] mail() on [F:\test\htdocs\index.php:14]: To: mycdfit@gmail.com -- Headers: From:shameelausmani@gmail.com
[08-Dec-2016 20:26:43 Europe/Berlin] mail() on [F:\test\htdocs\index.php:14]: To: mycdfit@gmail.com -- Headers: From:shameelausmani@gmail.com
[08-Dec-2016 20:26:51 Europe/Berlin] mail() on [F:\test\htdocs\index.php:16]: To: shameelausmani@gmail.com -- Headers: From:mycdfit@gmail.com
[08-Dec-2016 20:27:47 Europe/Berlin] mail() on [F:\test\htdocs\index.php:14]: To: mycdfit@gmail.com -- Headers: From:shameelausmani@gmail.com
[08-Dec-2016 20:27:50 Europe/Berlin] mail() on [F:\test\htdocs\index.php:16]: To: shameelausmani@gmail.com -- Headers: From:mycdfit@gmail.com
[08-Dec-2016 20:28:57 Europe/Berlin] mail() on [F:\test\htdocs\index.php:14]: To: mycdfit@gmail.com -- Headers: From:mycdfit@gmail.com
[08-Dec-2016 20:29:00 Europe/Berlin] mail() on [F:\test\htdocs\index.php:16]: To: mycdfit@gmail.com -- Headers: From:mycdfit@gmail.com
[08-Dec-2016 20:32:37 Europe/Berlin] mail() on [F:\test\htdocs\index.php:14]: To: mycdfit@gmail.com -- Headers: From:mycdfit@gmail.com
[08-Dec-2016 20:32:38 Europe/Berlin] mail() on [F:\test\htdocs\index.php:16]: To: mycdfit@gmail.com -- Headers: From:mycdfit@gmail.com
[08-Dec-2016 20:35:47 Europe/Berlin] mail() on [F:\test\htdocs\index.php:14]: To: mycdfit@gmail.com -- Headers: From:mycdfit@gmail.com
[08-Dec-2016 20:38:02 Europe/Berlin] mail() on [F:\test\htdocs\index.php:14]: To: mycdfit@gmail.com -- Headers: From:mycdfit@gmail.com
[08-Dec-2016 20:38:03 Europe/Berlin] mail() on [F:\test\htdocs\index.php:16]: To: mycdfit@gmail.com -- Headers: From:mycdfit@gmail.com
[08-Dec-2016 20:38:38 Europe/Berlin] mail() on [F:\test\htdocs\index.php:14]: To: mycdfit@gmail.com -- Headers: From:mycdfit@gmail.com
[08-Dec-2016 20:38:38 Europe/Berlin] mail() on [F:\test\htdocs\index.php:16]: To: mycdfit@gmail.com -- Headers: From:mycdfit@gmail.com
[08-Dec-2016 20:40:54 Europe/Berlin] mail() on [F:\test\htdocs\index.php:14]: To: mycdfit@gmail.com -- Headers: From:mycdfit@gmail.com
[08-Dec-2016 20:40:57 Europe/Berlin] mail() on [F:\test\htdocs\index.php:16]: To: mycdfit@gmail.com -- Headers: From:mycdfit@gmail.com
[08-Dec-2016 22:07:12 Europe/Berlin] mail() on [F:\test\htdocs\index.php:14]: To: mycdfit@gmail.com -- Headers: From:mycdfit@gmail.com
[08-Dec-2016 22:07:17 Europe/Berlin] mail() on [F:\test\htdocs\index.php:16]: To: mycdfit@gmail.com -- Headers: From:mycdfit@gmail.com
[08-Dec-2016 22:11:58 Europe/Berlin] mail() on [F:\test\htdocs\index.php:14]: To: mycdfit@gmail.com -- Headers: From:mycdfit@gmail.com
[08-Dec-2016 22:12:01 Europe/Berlin] mail() on [F:\test\htdocs\index.php:16]: To: mycdfit@gmail.com -- Headers: From:mycdfit@gmail.com
[08-Dec-2016 22:13:25 Europe/Berlin] mail() on [F:\test\htdocs\index.php:14]: To: mycdfit@gmail.com -- Headers: From:mycdfit@gmail.com
[08-Dec-2016 22:13:29 Europe/Berlin] mail() on [F:\test\htdocs\index.php:16]: To: mycdfit@gmail.com -- Headers: From:mycdfit@gmail.com
[08-Dec-2016 22:20:48 Europe/Berlin] mail() on [F:\test\htdocs\index.php:14]: To: mycdfit@gmail.com -- Headers: From:mycdfit@gmail.com
[08-Dec-2016 22:20:52 Europe/Berlin] mail() on [F:\test\htdocs\index.php:16]: To: mycdfit@gmail.com -- Headers: From:mycdfit@gmail.com
[08-Dec-2016 23:08:48 Europe/Berlin] mail() on [F:\test\htdocs\index.php:14]: To: mycdfit@gmail.com -- Headers: From:mycdfit@gmail.com
[08-Dec-2016 23:08:52 Europe/Berlin] mail() on [F:\test\htdocs\index.php:16]: To: mycdfit@gmail.com -- Headers: From:mycdfit@gmail.com
[08-Dec-2016 23:29:40 Europe/Berlin] mail() on [F:\test\htdocs\index.php:14]: To: mycdfit@gmail.com -- Headers: From:mycdfit@gmail.com
[08-Dec-2016 23:30:02 Europe/Berlin] mail() on [F:\test\htdocs\index.php:16]: To: mycdfit@gmail.com -- Headers: From:mycdfit@gmail.com
[08-Dec-2016 23:31:12 Europe/Berlin] mail() on [F:\test\htdocs\index.php:14]: To: mycdfit@gmail.com -- Headers: From:mycdfit@gmail.com
[08-Dec-2016 23:31:16 Europe/Berlin] mail() on [F:\test\htdocs\index.php:16]: To: mycdfit@gmail.com -- Headers: From:mycdfit@gmail.com
