::1 - - [08/Dec/2016:12:28:10 -0500] "GET /index.php HTTP/1.1" 302 - "-" "Mozilla/5.0 (Windows NT 6.3; WOW64) AppleWebKit/537.36 (KHTML, like Gecko) Chrome/54.0.2840.99 Safari/537.36"
::1 - - [08/Dec/2016:12:28:11 -0500] "GET /dashboard/ HTTP/1.1" 200 6904 "-" "Mozilla/5.0 (Windows NT 6.3; WOW64) AppleWebKit/537.36 (KHTML, like Gecko) Chrome/54.0.2840.99 Safari/537.36"
::1 - - [08/Dec/2016:12:28:11 -0500] "GET /dashboard/stylesheets/normalize.css HTTP/1.1" 200 6876 "http://localhost/dashboard/" "Mozilla/5.0 (Windows NT 6.3; WOW64) AppleWebKit/537.36 (KHTML, like Gecko) Chrome/54.0.2840.99 Safari/537.36"
::1 - - [08/Dec/2016:12:28:11 -0500] "GET /dashboard/stylesheets/all.css HTTP/1.1" 200 481308 "http://localhost/dashboard/" "Mozilla/5.0 (Windows NT 6.3; WOW64) AppleWebKit/537.36 (KHTML, like Gecko) Chrome/54.0.2840.99 Safari/537.36"
::1 - - [08/Dec/2016:12:28:11 -0500] "GET /dashboard/javascripts/modernizr.js HTTP/1.1" 200 51365 "http://localhost/dashboard/" "Mozilla/5.0 (Windows NT 6.3; WOW64) AppleWebKit/537.36 (KHTML, like Gecko) Chrome/54.0.2840.99 Safari/537.36"
::1 - - [08/Dec/2016:12:28:11 -0500] "GET /dashboard/images/xampp-logo.svg HTTP/1.1" 200 5427 "http://localhost/dashboard/" "Mozilla/5.0 (Windows NT 6.3; WOW64) AppleWebKit/537.36 (KHTML, like Gecko) Chrome/54.0.2840.99 Safari/537.36"
::1 - - [08/Dec/2016:12:28:11 -0500] "GET /dashboard/images/bitnami-xampp.png HTTP/1.1" 200 22133 "http://localhost/dashboard/" "Mozilla/5.0 (Windows NT 6.3; WOW64) AppleWebKit/537.36 (KHTML, like Gecko) Chrome/54.0.2840.99 Safari/537.36"
::1 - - [08/Dec/2016:12:28:11 -0500] "GET /dashboard/javascripts/all.js HTTP/1.1" 200 189003 "http://localhost/dashboard/" "Mozilla/5.0 (Windows NT 6.3; WOW64) AppleWebKit/537.36 (KHTML, like Gecko) Chrome/54.0.2840.99 Safari/537.36"
::1 - - [08/Dec/2016:12:28:12 -0500] "GET /dashboard/images/social-icons.png HTTP/1.1" 200 3361 "http://localhost/dashboard/stylesheets/all.css" "Mozilla/5.0 (Windows NT 6.3; WOW64) AppleWebKit/537.36 (KHTML, like Gecko) Chrome/54.0.2840.99 Safari/537.36"
::1 - - [08/Dec/2016:12:28:11 -0500] "GET /dashboard/images/fastly-logo.png HTTP/1.1" 200 1770 "http://localhost/dashboard/" "Mozilla/5.0 (Windows NT 6.3; WOW64) AppleWebKit/537.36 (KHTML, like Gecko) Chrome/54.0.2840.99 Safari/537.36"
::1 - - [08/Dec/2016:12:28:12 -0500] "GET /dashboard/images/favicon.png HTTP/1.1" 200 2508 "http://localhost/dashboard/" "Mozilla/5.0 (Windows NT 6.3; WOW64) AppleWebKit/537.36 (KHTML, like Gecko) Chrome/54.0.2840.99 Safari/537.36"
::1 - - [08/Dec/2016:13:00:29 -0500] "GET / HTTP/1.1" 200 92 "-" "Mozilla/5.0 (Windows NT 6.3; WOW64) AppleWebKit/537.36 (KHTML, like Gecko) Chrome/54.0.2840.99 Safari/537.36"
::1 - - [08/Dec/2016:13:00:29 -0500] "GET /favicon.ico HTTP/1.1" 200 30894 "http://localhost/" "Mozilla/5.0 (Windows NT 6.3; WOW64) AppleWebKit/537.36 (KHTML, like Gecko) Chrome/54.0.2840.99 Safari/537.36"
::1 - - [08/Dec/2016:13:00:47 -0500] "GET / HTTP/1.1" 200 92 "-" "Mozilla/5.0 (Windows NT 6.3; WOW64) AppleWebKit/537.36 (KHTML, like Gecko) Chrome/54.0.2840.99 Safari/537.36"
::1 - - [08/Dec/2016:13:03:43 -0500] "GET / HTTP/1.1" 200 287 "-" "Mozilla/5.0 (Windows NT 6.3; WOW64) AppleWebKit/537.36 (KHTML, like Gecko) Chrome/54.0.2840.99 Safari/537.36"
::1 - - [08/Dec/2016:13:07:13 -0500] "GET / HTTP/1.1" 200 400 "-" "Mozilla/5.0 (Windows NT 6.3; WOW64) AppleWebKit/537.36 (KHTML, like Gecko) Chrome/54.0.2840.99 Safari/537.36"
::1 - - [08/Dec/2016:13:07:33 -0500] "POST / HTTP/1.1" 200 952 "http://localhost/" "Mozilla/5.0 (Windows NT 6.3; WOW64) AppleWebKit/537.36 (KHTML, like Gecko) Chrome/54.0.2840.99 Safari/537.36"
::1 - - [08/Dec/2016:13:20:48 -0500] "GET / HTTP/1.1" 200 400 "-" "Mozilla/5.0 (Windows NT 6.3; WOW64) AppleWebKit/537.36 (KHTML, like Gecko) Chrome/54.0.2840.99 Safari/537.36"
::1 - - [08/Dec/2016:13:21:07 -0500] "POST / HTTP/1.1" 302 896 "http://localhost/" "Mozilla/5.0 (Windows NT 6.3; WOW64) AppleWebKit/537.36 (KHTML, like Gecko) Chrome/54.0.2840.99 Safari/537.36"
::1 - - [08/Dec/2016:13:21:09 -0500] "GET /thank_you.php HTTP/1.1" 200 27 "http://localhost/" "Mozilla/5.0 (Windows NT 6.3; WOW64) AppleWebKit/537.36 (KHTML, like Gecko) Chrome/54.0.2840.99 Safari/537.36"
::1 - - [08/Dec/2016:13:33:37 -0500] "GET / HTTP/1.1" 200 400 "-" "Mozilla/5.0 (Windows NT 6.3; WOW64) AppleWebKit/537.36 (KHTML, like Gecko) Chrome/54.0.2840.99 Safari/537.36"
::1 - - [08/Dec/2016:13:34:21 -0500] "POST / HTTP/1.1" 302 896 "http://localhost/" "Mozilla/5.0 (Windows NT 6.3; WOW64) AppleWebKit/537.36 (KHTML, like Gecko) Chrome/54.0.2840.99 Safari/537.36"
::1 - - [08/Dec/2016:13:34:23 -0500] "GET /thank_you.php HTTP/1.1" 200 27 "http://localhost/" "Mozilla/5.0 (Windows NT 6.3; WOW64) AppleWebKit/537.36 (KHTML, like Gecko) Chrome/54.0.2840.99 Safari/537.36"
::1 - - [08/Dec/2016:13:36:07 -0500] "GET / HTTP/1.1" 200 400 "-" "Mozilla/5.0 (Windows NT 6.3; WOW64) AppleWebKit/537.36 (KHTML, like Gecko) Chrome/54.0.2840.99 Safari/537.36"
::1 - - [08/Dec/2016:13:36:27 -0500] "POST / HTTP/1.1" 302 896 "http://localhost/" "Mozilla/5.0 (Windows NT 6.3; WOW64) AppleWebKit/537.36 (KHTML, like Gecko) Chrome/54.0.2840.99 Safari/537.36"
::1 - - [08/Dec/2016:13:36:29 -0500] "GET /thank_you.php HTTP/1.1" 200 27 "http://localhost/" "Mozilla/5.0 (Windows NT 6.3; WOW64) AppleWebKit/537.36 (KHTML, like Gecko) Chrome/54.0.2840.99 Safari/537.36"
::1 - - [08/Dec/2016:13:40:41 -0500] "GET / HTTP/1.1" 200 400 "-" "Mozilla/5.0 (Windows NT 6.3; WOW64) AppleWebKit/537.36 (KHTML, like Gecko) Chrome/54.0.2840.99 Safari/537.36"
::1 - - [08/Dec/2016:13:40:58 -0500] "POST / HTTP/1.1" 302 896 "http://localhost/" "Mozilla/5.0 (Windows NT 6.3; WOW64) AppleWebKit/537.36 (KHTML, like Gecko) Chrome/54.0.2840.99 Safari/537.36"
::1 - - [08/Dec/2016:13:41:00 -0500] "GET /thank_you.php HTTP/1.1" 200 27 "http://localhost/" "Mozilla/5.0 (Windows NT 6.3; WOW64) AppleWebKit/537.36 (KHTML, like Gecko) Chrome/54.0.2840.99 Safari/537.36"
::1 - - [08/Dec/2016:13:42:08 -0500] "GET / HTTP/1.1" 200 400 "-" "Mozilla/5.0 (Windows NT 6.3; WOW64) AppleWebKit/537.36 (KHTML, like Gecko) Chrome/54.0.2840.99 Safari/537.36"
::1 - - [08/Dec/2016:13:42:15 -0500] "POST / HTTP/1.1" 302 896 "http://localhost/" "Mozilla/5.0 (Windows NT 6.3; WOW64) AppleWebKit/537.36 (KHTML, like Gecko) Chrome/54.0.2840.99 Safari/537.36"
::1 - - [08/Dec/2016:13:42:17 -0500] "GET /thank_you.php HTTP/1.1" 200 27 "http://localhost/" "Mozilla/5.0 (Windows NT 6.3; WOW64) AppleWebKit/537.36 (KHTML, like Gecko) Chrome/54.0.2840.99 Safari/537.36"
::1 - - [08/Dec/2016:13:42:52 -0500] "GET / HTTP/1.1" 200 400 "-" "Mozilla/5.0 (Windows NT 6.3; WOW64) AppleWebKit/537.36 (KHTML, like Gecko) Chrome/54.0.2840.99 Safari/537.36"
::1 - - [08/Dec/2016:13:43:27 -0500] "GET / HTTP/1.1" 200 400 "-" "Mozilla/5.0 (Windows NT 6.3; WOW64) AppleWebKit/537.36 (KHTML, like Gecko) Chrome/54.0.2840.99 Safari/537.36"
::1 - - [08/Dec/2016:13:43:40 -0500] "POST / HTTP/1.1" 302 896 "http://localhost/" "Mozilla/5.0 (Windows NT 6.3; WOW64) AppleWebKit/537.36 (KHTML, like Gecko) Chrome/54.0.2840.99 Safari/537.36"
::1 - - [08/Dec/2016:13:43:42 -0500] "GET /thank_you.php HTTP/1.1" 200 27 "http://localhost/" "Mozilla/5.0 (Windows NT 6.3; WOW64) AppleWebKit/537.36 (KHTML, like Gecko) Chrome/54.0.2840.99 Safari/537.36"
::1 - - [08/Dec/2016:13:46:24 -0500] "GET / HTTP/1.1" 200 400 "-" "Mozilla/5.0 (Windows NT 6.3; WOW64) AppleWebKit/537.36 (KHTML, like Gecko) Chrome/54.0.2840.99 Safari/537.36"
::1 - - [08/Dec/2016:13:46:33 -0500] "POST / HTTP/1.1" 302 400 "http://localhost/" "Mozilla/5.0 (Windows NT 6.3; WOW64) AppleWebKit/537.36 (KHTML, like Gecko) Chrome/54.0.2840.99 Safari/537.36"
::1 - - [08/Dec/2016:13:46:34 -0500] "GET /thank_you.php HTTP/1.1" 200 27 "http://localhost/" "Mozilla/5.0 (Windows NT 6.3; WOW64) AppleWebKit/537.36 (KHTML, like Gecko) Chrome/54.0.2840.99 Safari/537.36"
::1 - - [08/Dec/2016:13:48:08 -0500] "GET / HTTP/1.1" 200 400 "-" "Mozilla/5.0 (Windows NT 6.3; WOW64) AppleWebKit/537.36 (KHTML, like Gecko) Chrome/54.0.2840.99 Safari/537.36"
::1 - - [08/Dec/2016:13:48:16 -0500] "POST / HTTP/1.1" 302 400 "http://localhost/" "Mozilla/5.0 (Windows NT 6.3; WOW64) AppleWebKit/537.36 (KHTML, like Gecko) Chrome/54.0.2840.99 Safari/537.36"
::1 - - [08/Dec/2016:13:48:16 -0500] "GET /thank_you.php HTTP/1.1" 200 27 "http://localhost/" "Mozilla/5.0 (Windows NT 6.3; WOW64) AppleWebKit/537.36 (KHTML, like Gecko) Chrome/54.0.2840.99 Safari/537.36"
::1 - - [08/Dec/2016:13:51:24 -0500] "GET / HTTP/1.1" 200 400 "-" "Mozilla/5.0 (Windows NT 6.3; WOW64) AppleWebKit/537.36 (KHTML, like Gecko) Chrome/54.0.2840.99 Safari/537.36"
::1 - - [08/Dec/2016:13:51:33 -0500] "POST / HTTP/1.1" 302 400 "http://localhost/" "Mozilla/5.0 (Windows NT 6.3; WOW64) AppleWebKit/537.36 (KHTML, like Gecko) Chrome/54.0.2840.99 Safari/537.36"
::1 - - [08/Dec/2016:13:51:33 -0500] "GET /thank_you.php HTTP/1.1" 200 27 "http://localhost/" "Mozilla/5.0 (Windows NT 6.3; WOW64) AppleWebKit/537.36 (KHTML, like Gecko) Chrome/54.0.2840.99 Safari/537.36"
::1 - - [08/Dec/2016:13:54:04 -0500] "GET / HTTP/1.1" 200 400 "-" "Mozilla/5.0 (Windows NT 6.3; WOW64) AppleWebKit/537.36 (KHTML, like Gecko) Chrome/54.0.2840.99 Safari/537.36"
::1 - - [08/Dec/2016:13:54:11 -0500] "POST / HTTP/1.1" 302 400 "http://localhost/" "Mozilla/5.0 (Windows NT 6.3; WOW64) AppleWebKit/537.36 (KHTML, like Gecko) Chrome/54.0.2840.99 Safari/537.36"
::1 - - [08/Dec/2016:13:54:11 -0500] "GET /thank_you.php HTTP/1.1" 200 27 "http://localhost/" "Mozilla/5.0 (Windows NT 6.3; WOW64) AppleWebKit/537.36 (KHTML, like Gecko) Chrome/54.0.2840.99 Safari/537.36"
::1 - - [08/Dec/2016:13:59:17 -0500] "GET / HTTP/1.1" 200 400 "-" "Mozilla/5.0 (Windows NT 6.3; WOW64) AppleWebKit/537.36 (KHTML, like Gecko) Chrome/54.0.2840.99 Safari/537.36"
::1 - - [08/Dec/2016:13:59:28 -0500] "POST / HTTP/1.1" 302 400 "http://localhost/" "Mozilla/5.0 (Windows NT 6.3; WOW64) AppleWebKit/537.36 (KHTML, like Gecko) Chrome/54.0.2840.99 Safari/537.36"
::1 - - [08/Dec/2016:13:59:28 -0500] "GET /thank_you.php HTTP/1.1" 200 27 "http://localhost/" "Mozilla/5.0 (Windows NT 6.3; WOW64) AppleWebKit/537.36 (KHTML, like Gecko) Chrome/54.0.2840.99 Safari/537.36"
::1 - - [08/Dec/2016:14:00:32 -0500] "GET / HTTP/1.1" 200 400 "-" "Mozilla/5.0 (Windows NT 6.3; WOW64) AppleWebKit/537.36 (KHTML, like Gecko) Chrome/54.0.2840.99 Safari/537.36"
::1 - - [08/Dec/2016:14:00:42 -0500] "POST / HTTP/1.1" 302 400 "http://localhost/" "Mozilla/5.0 (Windows NT 6.3; WOW64) AppleWebKit/537.36 (KHTML, like Gecko) Chrome/54.0.2840.99 Safari/537.36"
::1 - - [08/Dec/2016:14:00:42 -0500] "GET /thank_you.php HTTP/1.1" 200 27 "http://localhost/" "Mozilla/5.0 (Windows NT 6.3; WOW64) AppleWebKit/537.36 (KHTML, like Gecko) Chrome/54.0.2840.99 Safari/537.36"
::1 - - [08/Dec/2016:14:05:03 -0500] "GET / HTTP/1.1" 200 400 "-" "Mozilla/5.0 (Windows NT 6.3; WOW64) AppleWebKit/537.36 (KHTML, like Gecko) Chrome/54.0.2840.99 Safari/537.36"
::1 - - [08/Dec/2016:14:05:13 -0500] "POST / HTTP/1.1" 302 400 "http://localhost/" "Mozilla/5.0 (Windows NT 6.3; WOW64) AppleWebKit/537.36 (KHTML, like Gecko) Chrome/54.0.2840.99 Safari/537.36"
::1 - - [08/Dec/2016:14:05:13 -0500] "GET /thank_you.php HTTP/1.1" 200 27 "http://localhost/" "Mozilla/5.0 (Windows NT 6.3; WOW64) AppleWebKit/537.36 (KHTML, like Gecko) Chrome/54.0.2840.99 Safari/537.36"
::1 - - [08/Dec/2016:14:06:57 -0500] "GET / HTTP/1.1" 200 400 "-" "Mozilla/5.0 (Windows NT 6.3; WOW64; rv:51.0) Gecko/20100101 Firefox/51.0"
::1 - - [08/Dec/2016:14:06:57 -0500] "GET /favicon.ico HTTP/1.1" 200 30894 "-" "Mozilla/5.0 (Windows NT 6.3; WOW64; rv:51.0) Gecko/20100101 Firefox/51.0"
::1 - - [08/Dec/2016:14:07:20 -0500] "POST / HTTP/1.1" 302 400 "http://localhost/" "Mozilla/5.0 (Windows NT 6.3; WOW64; rv:51.0) Gecko/20100101 Firefox/51.0"
::1 - - [08/Dec/2016:14:07:20 -0500] "GET /thank_you.php HTTP/1.1" 200 27 "http://localhost/" "Mozilla/5.0 (Windows NT 6.3; WOW64; rv:51.0) Gecko/20100101 Firefox/51.0"
::1 - - [08/Dec/2016:14:09:47 -0500] "GET / HTTP/1.1" 200 400 "-" "Mozilla/5.0 (Windows NT 6.3; WOW64) AppleWebKit/537.36 (KHTML, like Gecko) Chrome/54.0.2840.99 Safari/537.36"
::1 - - [08/Dec/2016:14:10:10 -0500] "POST / HTTP/1.1" 302 400 "http://localhost/" "Mozilla/5.0 (Windows NT 6.3; WOW64) AppleWebKit/537.36 (KHTML, like Gecko) Chrome/54.0.2840.99 Safari/537.36"
::1 - - [08/Dec/2016:14:10:10 -0500] "GET /thank_you.php HTTP/1.1" 200 27 "http://localhost/" "Mozilla/5.0 (Windows NT 6.3; WOW64) AppleWebKit/537.36 (KHTML, like Gecko) Chrome/54.0.2840.99 Safari/537.36"
::1 - - [08/Dec/2016:14:10:58 -0500] "GET / HTTP/1.1" 200 400 "-" "Mozilla/5.0 (Windows NT 6.3; WOW64) AppleWebKit/537.36 (KHTML, like Gecko) Chrome/54.0.2840.99 Safari/537.36"
::1 - - [08/Dec/2016:14:10:58 -0500] "GET / HTTP/1.1" 200 400 "-" "Mozilla/5.0 (Windows NT 6.3; WOW64) AppleWebKit/537.36 (KHTML, like Gecko) Chrome/54.0.2840.99 Safari/537.36"
::1 - - [08/Dec/2016:14:11:08 -0500] "POST / HTTP/1.1" 302 671 "http://localhost/" "Mozilla/5.0 (Windows NT 6.3; WOW64) AppleWebKit/537.36 (KHTML, like Gecko) Chrome/54.0.2840.99 Safari/537.36"
::1 - - [08/Dec/2016:14:11:09 -0500] "GET /thank_you.php HTTP/1.1" 200 27 "http://localhost/" "Mozilla/5.0 (Windows NT 6.3; WOW64) AppleWebKit/537.36 (KHTML, like Gecko) Chrome/54.0.2840.99 Safari/537.36"
::1 - - [08/Dec/2016:14:14:26 -0500] "GET / HTTP/1.1" 200 400 "-" "Mozilla/5.0 (Windows NT 6.3; WOW64) AppleWebKit/537.36 (KHTML, like Gecko) Chrome/54.0.2840.99 Safari/537.36"
::1 - - [08/Dec/2016:14:14:26 -0500] "GET / HTTP/1.1" 200 400 "-" "Mozilla/5.0 (Windows NT 6.3; WOW64) AppleWebKit/537.36 (KHTML, like Gecko) Chrome/54.0.2840.99 Safari/537.36"
::1 - - [08/Dec/2016:14:14:34 -0500] "POST / HTTP/1.1" 302 671 "http://localhost/" "Mozilla/5.0 (Windows NT 6.3; WOW64) AppleWebKit/537.36 (KHTML, like Gecko) Chrome/54.0.2840.99 Safari/537.36"
::1 - - [08/Dec/2016:14:14:35 -0500] "GET /thank_you.php HTTP/1.1" 200 27 "http://localhost/" "Mozilla/5.0 (Windows NT 6.3; WOW64) AppleWebKit/537.36 (KHTML, like Gecko) Chrome/54.0.2840.99 Safari/537.36"
::1 - - [08/Dec/2016:14:15:33 -0500] "GET / HTTP/1.1" 200 400 "-" "Mozilla/5.0 (Windows NT 6.3; WOW64) AppleWebKit/537.36 (KHTML, like Gecko) Chrome/54.0.2840.99 Safari/537.36"
::1 - - [08/Dec/2016:14:15:33 -0500] "GET / HTTP/1.1" 200 400 "-" "Mozilla/5.0 (Windows NT 6.3; WOW64) AppleWebKit/537.36 (KHTML, like Gecko) Chrome/54.0.2840.99 Safari/537.36"
::1 - - [08/Dec/2016:14:15:41 -0500] "POST / HTTP/1.1" 302 671 "http://localhost/" "Mozilla/5.0 (Windows NT 6.3; WOW64) AppleWebKit/537.36 (KHTML, like Gecko) Chrome/54.0.2840.99 Safari/537.36"
::1 - - [08/Dec/2016:14:15:48 -0500] "GET /thank_you.php HTTP/1.1" 200 27 "http://localhost/" "Mozilla/5.0 (Windows NT 6.3; WOW64) AppleWebKit/537.36 (KHTML, like Gecko) Chrome/54.0.2840.99 Safari/537.36"
::1 - - [08/Dec/2016:14:17:40 -0500] "GET / HTTP/1.1" 200 400 "-" "Mozilla/5.0 (Windows NT 6.3; WOW64) AppleWebKit/537.36 (KHTML, like Gecko) Chrome/54.0.2840.99 Safari/537.36"
::1 - - [08/Dec/2016:14:17:46 -0500] "POST / HTTP/1.1" 302 400 "http://localhost/" "Mozilla/5.0 (Windows NT 6.3; WOW64) AppleWebKit/537.36 (KHTML, like Gecko) Chrome/54.0.2840.99 Safari/537.36"
::1 - - [08/Dec/2016:14:17:50 -0500] "GET /thank_you.php HTTP/1.1" 200 27 "http://localhost/" "Mozilla/5.0 (Windows NT 6.3; WOW64) AppleWebKit/537.36 (KHTML, like Gecko) Chrome/54.0.2840.99 Safari/537.36"
::1 - - [08/Dec/2016:14:20:01 -0500] "GET / HTTP/1.1" 200 400 "-" "Mozilla/5.0 (Windows NT 6.3; WOW64) AppleWebKit/537.36 (KHTML, like Gecko) Chrome/54.0.2840.99 Safari/537.36"
::1 - - [08/Dec/2016:14:20:01 -0500] "GET / HTTP/1.1" 200 400 "-" "Mozilla/5.0 (Windows NT 6.3; WOW64) AppleWebKit/537.36 (KHTML, like Gecko) Chrome/54.0.2840.99 Safari/537.36"
::1 - - [08/Dec/2016:14:20:11 -0500] "GET / HTTP/1.1" 200 400 "-" "Mozilla/5.0 (Windows NT 6.3; WOW64) AppleWebKit/537.36 (KHTML, like Gecko) Chrome/54.0.2840.99 Safari/537.36"
::1 - - [08/Dec/2016:14:20:22 -0500] "POST / HTTP/1.1" 302 400 "http://localhost/" "Mozilla/5.0 (Windows NT 6.3; WOW64) AppleWebKit/537.36 (KHTML, like Gecko) Chrome/54.0.2840.99 Safari/537.36"
::1 - - [08/Dec/2016:14:20:25 -0500] "GET /thank_you.php HTTP/1.1" 200 27 "http://localhost/" "Mozilla/5.0 (Windows NT 6.3; WOW64) AppleWebKit/537.36 (KHTML, like Gecko) Chrome/54.0.2840.99 Safari/537.36"
::1 - - [08/Dec/2016:14:21:18 -0500] "GET / HTTP/1.1" 200 400 "-" "Mozilla/5.0 (Windows NT 6.3; WOW64) AppleWebKit/537.36 (KHTML, like Gecko) Chrome/54.0.2840.99 Safari/537.36"
::1 - - [08/Dec/2016:14:21:25 -0500] "POST / HTTP/1.1" 302 456 "http://localhost/" "Mozilla/5.0 (Windows NT 6.3; WOW64) AppleWebKit/537.36 (KHTML, like Gecko) Chrome/54.0.2840.99 Safari/537.36"
::1 - - [08/Dec/2016:14:21:28 -0500] "GET /thank_you.php HTTP/1.1" 200 27 "http://localhost/" "Mozilla/5.0 (Windows NT 6.3; WOW64) AppleWebKit/537.36 (KHTML, like Gecko) Chrome/54.0.2840.99 Safari/537.36"
::1 - - [08/Dec/2016:14:22:25 -0500] "GET / HTTP/1.1" 200 400 "-" "Mozilla/5.0 (Windows NT 6.3; WOW64) AppleWebKit/537.36 (KHTML, like Gecko) Chrome/54.0.2840.99 Safari/537.36"
::1 - - [08/Dec/2016:14:22:25 -0500] "GET / HTTP/1.1" 200 400 "-" "Mozilla/5.0 (Windows NT 6.3; WOW64) AppleWebKit/537.36 (KHTML, like Gecko) Chrome/54.0.2840.99 Safari/537.36"
::1 - - [08/Dec/2016:14:22:34 -0500] "POST / HTTP/1.1" 302 456 "http://localhost/" "Mozilla/5.0 (Windows NT 6.3; WOW64) AppleWebKit/537.36 (KHTML, like Gecko) Chrome/54.0.2840.99 Safari/537.36"
::1 - - [08/Dec/2016:14:22:38 -0500] "GET /thank_you.php HTTP/1.1" 200 27 "http://localhost/" "Mozilla/5.0 (Windows NT 6.3; WOW64) AppleWebKit/537.36 (KHTML, like Gecko) Chrome/54.0.2840.99 Safari/537.36"
::1 - - [08/Dec/2016:14:24:41 -0500] "GET / HTTP/1.1" 200 400 "-" "Mozilla/5.0 (Windows NT 6.3; WOW64) AppleWebKit/537.36 (KHTML, like Gecko) Chrome/54.0.2840.99 Safari/537.36"
::1 - - [08/Dec/2016:14:24:51 -0500] "POST / HTTP/1.1" 200 133 "http://localhost/" "Mozilla/5.0 (Windows NT 6.3; WOW64) AppleWebKit/537.36 (KHTML, like Gecko) Chrome/54.0.2840.99 Safari/537.36"
::1 - - [08/Dec/2016:14:26:36 -0500] "GET / HTTP/1.1" 200 400 "-" "Mozilla/5.0 (Windows NT 6.3; WOW64) AppleWebKit/537.36 (KHTML, like Gecko) Chrome/54.0.2840.99 Safari/537.36"
::1 - - [08/Dec/2016:14:26:43 -0500] "POST / HTTP/1.1" 302 457 "http://localhost/" "Mozilla/5.0 (Windows NT 6.3; WOW64) AppleWebKit/537.36 (KHTML, like Gecko) Chrome/54.0.2840.99 Safari/537.36"
::1 - - [08/Dec/2016:14:26:57 -0500] "GET /thank_you.php HTTP/1.1" 200 27 "http://localhost/" "Mozilla/5.0 (Windows NT 6.3; WOW64) AppleWebKit/537.36 (KHTML, like Gecko) Chrome/54.0.2840.99 Safari/537.36"
::1 - - [08/Dec/2016:14:27:39 -0500] "GET / HTTP/1.1" 200 400 "-" "Mozilla/5.0 (Windows NT 6.3; WOW64) AppleWebKit/537.36 (KHTML, like Gecko) Chrome/54.0.2840.99 Safari/537.36"
::1 - - [08/Dec/2016:14:27:39 -0500] "GET / HTTP/1.1" 200 400 "-" "Mozilla/5.0 (Windows NT 6.3; WOW64) AppleWebKit/537.36 (KHTML, like Gecko) Chrome/54.0.2840.99 Safari/537.36"
::1 - - [08/Dec/2016:14:27:47 -0500] "POST / HTTP/1.1" 302 456 "http://localhost/" "Mozilla/5.0 (Windows NT 6.3; WOW64) AppleWebKit/537.36 (KHTML, like Gecko) Chrome/54.0.2840.99 Safari/537.36"
::1 - - [08/Dec/2016:14:27:52 -0500] "GET /thank_you.php HTTP/1.1" 200 27 "http://localhost/" "Mozilla/5.0 (Windows NT 6.3; WOW64) AppleWebKit/537.36 (KHTML, like Gecko) Chrome/54.0.2840.99 Safari/537.36"
::1 - - [08/Dec/2016:14:28:48 -0500] "GET / HTTP/1.1" 200 400 "-" "Mozilla/5.0 (Windows NT 6.3; WOW64) AppleWebKit/537.36 (KHTML, like Gecko) Chrome/54.0.2840.99 Safari/537.36"
::1 - - [08/Dec/2016:14:28:49 -0500] "GET / HTTP/1.1" 200 400 "-" "Mozilla/5.0 (Windows NT 6.3; WOW64) AppleWebKit/537.36 (KHTML, like Gecko) Chrome/54.0.2840.99 Safari/537.36"
::1 - - [08/Dec/2016:14:28:57 -0500] "POST / HTTP/1.1" 302 456 "http://localhost/" "Mozilla/5.0 (Windows NT 6.3; WOW64) AppleWebKit/537.36 (KHTML, like Gecko) Chrome/54.0.2840.99 Safari/537.36"
::1 - - [08/Dec/2016:14:29:02 -0500] "GET /thank_you.php HTTP/1.1" 200 27 "http://localhost/" "Mozilla/5.0 (Windows NT 6.3; WOW64) AppleWebKit/537.36 (KHTML, like Gecko) Chrome/54.0.2840.99 Safari/537.36"
::1 - - [08/Dec/2016:14:32:27 -0500] "GET / HTTP/1.1" 200 400 "-" "Mozilla/5.0 (Windows NT 6.3; WOW64) AppleWebKit/537.36 (KHTML, like Gecko) Chrome/54.0.2840.99 Safari/537.36"
::1 - - [08/Dec/2016:14:32:27 -0500] "GET / HTTP/1.1" 200 400 "-" "Mozilla/5.0 (Windows NT 6.3; WOW64) AppleWebKit/537.36 (KHTML, like Gecko) Chrome/54.0.2840.99 Safari/537.36"
::1 - - [08/Dec/2016:14:32:37 -0500] "POST / HTTP/1.1" 302 456 "http://localhost/" "Mozilla/5.0 (Windows NT 6.3; WOW64) AppleWebKit/537.36 (KHTML, like Gecko) Chrome/54.0.2840.99 Safari/537.36"
::1 - - [08/Dec/2016:14:32:39 -0500] "GET /thank_you.php HTTP/1.1" 200 27 "http://localhost/" "Mozilla/5.0 (Windows NT 6.3; WOW64) AppleWebKit/537.36 (KHTML, like Gecko) Chrome/54.0.2840.99 Safari/537.36"
::1 - - [08/Dec/2016:14:35:34 -0500] "GET / HTTP/1.1" 200 400 "-" "Mozilla/5.0 (Windows NT 6.3; WOW64) AppleWebKit/537.36 (KHTML, like Gecko) Chrome/54.0.2840.99 Safari/537.36"
::1 - - [08/Dec/2016:14:35:34 -0500] "GET / HTTP/1.1" 200 400 "-" "Mozilla/5.0 (Windows NT 6.3; WOW64) AppleWebKit/537.36 (KHTML, like Gecko) Chrome/54.0.2840.99 Safari/537.36"
::1 - - [08/Dec/2016:14:37:25 -0500] "GET / HTTP/1.1" 200 400 "-" "Mozilla/5.0 (Windows NT 6.3; WOW64) AppleWebKit/537.36 (KHTML, like Gecko) Chrome/54.0.2840.99 Safari/537.36"
::1 - - [08/Dec/2016:14:38:02 -0500] "POST / HTTP/1.1" 302 456 "http://localhost/" "Mozilla/5.0 (Windows NT 6.3; WOW64) AppleWebKit/537.36 (KHTML, like Gecko) Chrome/54.0.2840.99 Safari/537.36"
::1 - - [08/Dec/2016:14:38:04 -0500] "GET /thank_you.php HTTP/1.1" 200 27 "http://localhost/" "Mozilla/5.0 (Windows NT 6.3; WOW64) AppleWebKit/537.36 (KHTML, like Gecko) Chrome/54.0.2840.99 Safari/537.36"
::1 - - [08/Dec/2016:14:38:31 -0500] "GET / HTTP/1.1" 200 400 "-" "Mozilla/5.0 (Windows NT 6.3; WOW64) AppleWebKit/537.36 (KHTML, like Gecko) Chrome/54.0.2840.99 Safari/537.36"
::1 - - [08/Dec/2016:14:38:38 -0500] "POST / HTTP/1.1" 302 456 "http://localhost/" "Mozilla/5.0 (Windows NT 6.3; WOW64) AppleWebKit/537.36 (KHTML, like Gecko) Chrome/54.0.2840.99 Safari/537.36"
::1 - - [08/Dec/2016:14:38:39 -0500] "GET /thank_you.php HTTP/1.1" 200 27 "http://localhost/" "Mozilla/5.0 (Windows NT 6.3; WOW64) AppleWebKit/537.36 (KHTML, like Gecko) Chrome/54.0.2840.99 Safari/537.36"
::1 - - [08/Dec/2016:14:40:46 -0500] "GET / HTTP/1.1" 200 400 "-" "Mozilla/5.0 (Windows NT 6.3; WOW64) AppleWebKit/537.36 (KHTML, like Gecko) Chrome/54.0.2840.99 Safari/537.36"
::1 - - [08/Dec/2016:14:40:54 -0500] "POST / HTTP/1.1" 302 457 "http://localhost/" "Mozilla/5.0 (Windows NT 6.3; WOW64) AppleWebKit/537.36 (KHTML, like Gecko) Chrome/54.0.2840.99 Safari/537.36"
::1 - - [08/Dec/2016:14:41:00 -0500] "GET /thank_you.php HTTP/1.1" 200 27 "http://localhost/" "Mozilla/5.0 (Windows NT 6.3; WOW64) AppleWebKit/537.36 (KHTML, like Gecko) Chrome/54.0.2840.99 Safari/537.36"
::1 - - [08/Dec/2016:16:02:00 -0500] "GET /index.php HTTP/1.1" 200 400 "-" "Mozilla/5.0 (Windows NT 6.3; WOW64) AppleWebKit/537.36 (KHTML, like Gecko) Chrome/54.0.2840.99 Safari/537.36"
::1 - - [08/Dec/2016:16:02:35 -0500] "GET /index.php HTTP/1.1" 200 400 "-" "Mozilla/5.0 (Windows NT 6.3; WOW64) AppleWebKit/537.36 (KHTML, like Gecko) Chrome/54.0.2840.99 Safari/537.36"
::1 - - [08/Dec/2016:16:02:56 -0500] "GET /index.php HTTP/1.1" 200 400 "-" "Mozilla/5.0 (Windows NT 6.3; WOW64) AppleWebKit/537.36 (KHTML, like Gecko) Chrome/54.0.2840.99 Safari/537.36"
::1 - - [08/Dec/2016:16:03:44 -0500] "GET /index.php HTTP/1.1" 200 404 "-" "Mozilla/5.0 (Windows NT 6.3; WOW64) AppleWebKit/537.36 (KHTML, like Gecko) Chrome/54.0.2840.99 Safari/537.36"
::1 - - [08/Dec/2016:16:04:15 -0500] "GET /index.php HTTP/1.1" 200 412 "-" "Mozilla/5.0 (Windows NT 6.3; WOW64) AppleWebKit/537.36 (KHTML, like Gecko) Chrome/54.0.2840.99 Safari/537.36"
::1 - - [08/Dec/2016:16:05:34 -0500] "GET /index.php HTTP/1.1" 200 412 "-" "Mozilla/5.0 (Windows NT 6.3; WOW64) AppleWebKit/537.36 (KHTML, like Gecko) Chrome/54.0.2840.99 Safari/537.36"
::1 - - [08/Dec/2016:16:05:37 -0500] "GET /index.php HTTP/1.1" 200 412 "-" "Mozilla/5.0 (Windows NT 6.3; WOW64) AppleWebKit/537.36 (KHTML, like Gecko) Chrome/54.0.2840.99 Safari/537.36"
::1 - - [08/Dec/2016:16:05:41 -0500] "GET /index.php HTTP/1.1" 200 412 "-" "Mozilla/5.0 (Windows NT 6.3; WOW64) AppleWebKit/537.36 (KHTML, like Gecko) Chrome/54.0.2840.99 Safari/537.36"
::1 - - [08/Dec/2016:16:06:57 -0500] "GET /index.php HTTP/1.1" 200 409 "-" "Mozilla/5.0 (Windows NT 6.3; WOW64) AppleWebKit/537.36 (KHTML, like Gecko) Chrome/54.0.2840.99 Safari/537.36"
::1 - - [08/Dec/2016:16:07:02 -0500] "GET /index.php HTTP/1.1" 200 409 "-" "Mozilla/5.0 (Windows NT 6.3; WOW64) AppleWebKit/537.36 (KHTML, like Gecko) Chrome/54.0.2840.99 Safari/537.36"
::1 - - [08/Dec/2016:16:07:12 -0500] "POST /index.php HTTP/1.1" 302 466 "http://localhost/index.php" "Mozilla/5.0 (Windows NT 6.3; WOW64) AppleWebKit/537.36 (KHTML, like Gecko) Chrome/54.0.2840.99 Safari/537.36"
::1 - - [08/Dec/2016:16:07:20 -0500] "GET /thank_you.php HTTP/1.1" 200 27 "http://localhost/index.php" "Mozilla/5.0 (Windows NT 6.3; WOW64) AppleWebKit/537.36 (KHTML, like Gecko) Chrome/54.0.2840.99 Safari/537.36"
::1 - - [08/Dec/2016:16:08:03 -0500] "GET /thank_you.php HTTP/1.1" 200 27 "-" "Mozilla/5.0 (Windows NT 6.3; WOW64) AppleWebKit/537.36 (KHTML, like Gecko) Chrome/54.0.2840.99 Safari/537.36"
::1 - - [08/Dec/2016:16:08:12 -0500] "GET /index.php HTTP/1.1" 200 409 "-" "Mozilla/5.0 (Windows NT 6.3; WOW64) AppleWebKit/537.36 (KHTML, like Gecko) Chrome/54.0.2840.99 Safari/537.36"
::1 - - [08/Dec/2016:16:10:09 -0500] "GET /index.php HTTP/1.1" 200 409 "-" "Mozilla/5.0 (Windows NT 6.3; WOW64) AppleWebKit/537.36 (KHTML, like Gecko) Chrome/54.0.2840.99 Safari/537.36"
::1 - - [08/Dec/2016:16:10:12 -0500] "GET /index.php HTTP/1.1" 200 409 "-" "Mozilla/5.0 (Windows NT 6.3; WOW64) AppleWebKit/537.36 (KHTML, like Gecko) Chrome/54.0.2840.99 Safari/537.36"
::1 - - [08/Dec/2016:16:10:23 -0500] "GET /index.php HTTP/1.1" 200 409 "-" "Mozilla/5.0 (Windows NT 6.3; WOW64) AppleWebKit/537.36 (KHTML, like Gecko) Chrome/54.0.2840.99 Safari/537.36"
::1 - - [08/Dec/2016:16:11:06 -0500] "GET /index.php HTTP/1.1" 200 409 "-" "Mozilla/5.0 (Windows NT 6.3; WOW64) AppleWebKit/537.36 (KHTML, like Gecko) Chrome/54.0.2840.99 Safari/537.36"
::1 - - [08/Dec/2016:16:11:10 -0500] "GET /index.php HTTP/1.1" 200 409 "-" "Mozilla/5.0 (Windows NT 6.3; WOW64) AppleWebKit/537.36 (KHTML, like Gecko) Chrome/54.0.2840.99 Safari/537.36"
::1 - - [08/Dec/2016:16:11:32 -0500] "GET /index.php HTTP/1.1" 200 409 "-" "Mozilla/5.0 (Windows NT 6.3; WOW64) AppleWebKit/537.36 (KHTML, like Gecko) Chrome/54.0.2840.99 Safari/537.36"
::1 - - [08/Dec/2016:16:11:42 -0500] "GET /index.php HTTP/1.1" 200 409 "-" "Mozilla/5.0 (Windows NT 6.3; WOW64) AppleWebKit/537.36 (KHTML, like Gecko) Chrome/54.0.2840.99 Safari/537.36"
::1 - - [08/Dec/2016:16:11:58 -0500] "POST /index.php HTTP/1.1" 302 466 "http://localhost/index.php" "Mozilla/5.0 (Windows NT 6.3; WOW64) AppleWebKit/537.36 (KHTML, like Gecko) Chrome/54.0.2840.99 Safari/537.36"
::1 - - [08/Dec/2016:16:12:04 -0500] "GET /thank_you.php HTTP/1.1" 200 27 "http://localhost/index.php" "Mozilla/5.0 (Windows NT 6.3; WOW64) AppleWebKit/537.36 (KHTML, like Gecko) Chrome/54.0.2840.99 Safari/537.36"
::1 - - [08/Dec/2016:16:13:05 -0500] "GET /thank_you.php HTTP/1.1" 200 27 "-" "Mozilla/5.0 (Windows NT 6.3; WOW64) AppleWebKit/537.36 (KHTML, like Gecko) Chrome/54.0.2840.99 Safari/537.36"
::1 - - [08/Dec/2016:16:13:11 -0500] "GET /index.php HTTP/1.1" 200 1440 "-" "Mozilla/5.0 (Windows NT 6.3; WOW64) AppleWebKit/537.36 (KHTML, like Gecko) Chrome/54.0.2840.99 Safari/537.36"
::1 - - [08/Dec/2016:16:13:25 -0500] "POST /index.php HTTP/1.1" 302 1714 "http://localhost/index.php" "Mozilla/5.0 (Windows NT 6.3; WOW64) AppleWebKit/537.36 (KHTML, like Gecko) Chrome/54.0.2840.99 Safari/537.36"
::1 - - [08/Dec/2016:16:13:32 -0500] "GET /thank_you.php HTTP/1.1" 200 27 "http://localhost/index.php" "Mozilla/5.0 (Windows NT 6.3; WOW64) AppleWebKit/537.36 (KHTML, like Gecko) Chrome/54.0.2840.99 Safari/537.36"
::1 - - [08/Dec/2016:16:16:27 -0500] "GET /thank_you.php HTTP/1.1" 200 27 "-" "Mozilla/5.0 (Windows NT 6.3; WOW64) AppleWebKit/537.36 (KHTML, like Gecko) Chrome/54.0.2840.99 Safari/537.36"
::1 - - [08/Dec/2016:16:16:37 -0500] "GET /index.php HTTP/1.1" 200 1691 "-" "Mozilla/5.0 (Windows NT 6.3; WOW64) AppleWebKit/537.36 (KHTML, like Gecko) Chrome/54.0.2840.99 Safari/537.36"
::1 - - [08/Dec/2016:16:16:56 -0500] "POST /contactPost HTTP/1.1" 404 1194 "http://localhost/index.php" "Mozilla/5.0 (Windows NT 6.3; WOW64) AppleWebKit/537.36 (KHTML, like Gecko) Chrome/54.0.2840.99 Safari/537.36"
::1 - - [08/Dec/2016:16:17:29 -0500] "GET /contactPost HTTP/1.1" 404 1054 "-" "Mozilla/5.0 (Windows NT 6.3; WOW64) AppleWebKit/537.36 (KHTML, like Gecko) Chrome/54.0.2840.99 Safari/537.36"
::1 - - [08/Dec/2016:16:17:37 -0500] "GET /index.php HTTP/1.1" 200 1684 "-" "Mozilla/5.0 (Windows NT 6.3; WOW64) AppleWebKit/537.36 (KHTML, like Gecko) Chrome/54.0.2840.99 Safari/537.36"
::1 - - [08/Dec/2016:16:17:44 -0500] "POST /Post HTTP/1.1" 404 1194 "http://localhost/index.php" "Mozilla/5.0 (Windows NT 6.3; WOW64) AppleWebKit/537.36 (KHTML, like Gecko) Chrome/54.0.2840.99 Safari/537.36"
::1 - - [08/Dec/2016:16:20:39 -0500] "GET /index.php HTTP/1.1" 200 1643 "-" "Mozilla/5.0 (Windows NT 6.3; WOW64) AppleWebKit/537.36 (KHTML, like Gecko) Chrome/54.0.2840.99 Safari/537.36"
::1 - - [08/Dec/2016:16:20:48 -0500] "POST /index.php HTTP/1.1" 302 1917 "http://localhost/index.php" "Mozilla/5.0 (Windows NT 6.3; WOW64) AppleWebKit/537.36 (KHTML, like Gecko) Chrome/54.0.2840.99 Safari/537.36"
::1 - - [08/Dec/2016:16:20:55 -0500] "GET /thank_you.php HTTP/1.1" 200 27 "http://localhost/index.php" "Mozilla/5.0 (Windows NT 6.3; WOW64) AppleWebKit/537.36 (KHTML, like Gecko) Chrome/54.0.2840.99 Safari/537.36"
::1 - - [08/Dec/2016:16:22:24 -0500] "GET /index.php HTTP/1.1" 200 1643 "-" "Mozilla/5.0 (Windows NT 6.3; WOW64) AppleWebKit/537.36 (KHTML, like Gecko) Chrome/54.0.2840.99 Safari/537.36"
::1 - - [08/Dec/2016:16:23:42 -0500] "GET /index.php HTTP/1.1" 200 1652 "-" "Mozilla/5.0 (Windows NT 6.3; WOW64) AppleWebKit/537.36 (KHTML, like Gecko) Chrome/54.0.2840.99 Safari/537.36"
::1 - - [08/Dec/2016:16:23:58 -0500] "GET /index.php HTTP/1.1" 200 1648 "-" "Mozilla/5.0 (Windows NT 6.3; WOW64) AppleWebKit/537.36 (KHTML, like Gecko) Chrome/54.0.2840.99 Safari/537.36"
::1 - - [08/Dec/2016:16:32:02 -0500] "GET /index.php HTTP/1.1" 200 1636 "-" "Mozilla/5.0 (Windows NT 6.3; WOW64) AppleWebKit/537.36 (KHTML, like Gecko) Chrome/54.0.2840.99 Safari/537.36"
::1 - - [08/Dec/2016:16:32:33 -0500] "GET /index.php HTTP/1.1" 200 1640 "-" "Mozilla/5.0 (Windows NT 6.3; WOW64) AppleWebKit/537.36 (KHTML, like Gecko) Chrome/54.0.2840.99 Safari/537.36"
::1 - - [08/Dec/2016:16:37:30 -0500] "GET /index.php HTTP/1.1" 200 1697 "-" "Mozilla/5.0 (Windows NT 6.3; WOW64) AppleWebKit/537.36 (KHTML, like Gecko) Chrome/54.0.2840.99 Safari/537.36"
::1 - - [08/Dec/2016:16:37:30 -0500] "GET /resources/css/bitnami.css HTTP/1.1" 404 1194 "http://localhost/index.php" "Mozilla/5.0 (Windows NT 6.3; WOW64) AppleWebKit/537.36 (KHTML, like Gecko) Chrome/54.0.2840.99 Safari/537.36"
::1 - - [08/Dec/2016:16:37:48 -0500] "GET /index.php HTTP/1.1" 200 1697 "-" "Mozilla/5.0 (Windows NT 6.3; WOW64) AppleWebKit/537.36 (KHTML, like Gecko) Chrome/54.0.2840.99 Safari/537.36"
::1 - - [08/Dec/2016:16:37:48 -0500] "GET /resources/css/bitnami.css HTTP/1.1" 404 1194 "http://localhost/index.php" "Mozilla/5.0 (Windows NT 6.3; WOW64) AppleWebKit/537.36 (KHTML, like Gecko) Chrome/54.0.2840.99 Safari/537.36"
::1 - - [08/Dec/2016:16:38:05 -0500] "GET /index.php HTTP/1.1" 200 1697 "-" "Mozilla/5.0 (Windows NT 6.3; WOW64) AppleWebKit/537.36 (KHTML, like Gecko) Chrome/54.0.2840.99 Safari/537.36"
::1 - - [08/Dec/2016:16:38:05 -0500] "GET /resources/css/bitnami.css HTTP/1.1" 404 1194 "http://localhost/index.php" "Mozilla/5.0 (Windows NT 6.3; WOW64) AppleWebKit/537.36 (KHTML, like Gecko) Chrome/54.0.2840.99 Safari/537.36"
::1 - - [08/Dec/2016:17:08:36 -0500] "GET /index.php HTTP/1.1" 200 1697 "-" "Mozilla/5.0 (Windows NT 6.3; WOW64) AppleWebKit/537.36 (KHTML, like Gecko) Chrome/54.0.2840.99 Safari/537.36"
::1 - - [08/Dec/2016:17:08:36 -0500] "GET /resources/css/bitnami.css HTTP/1.1" 404 1194 "http://localhost/index.php" "Mozilla/5.0 (Windows NT 6.3; WOW64) AppleWebKit/537.36 (KHTML, like Gecko) Chrome/54.0.2840.99 Safari/537.36"
::1 - - [08/Dec/2016:17:08:48 -0500] "POST /index.php HTTP/1.1" 302 1971 "http://localhost/index.php" "Mozilla/5.0 (Windows NT 6.3; WOW64) AppleWebKit/537.36 (KHTML, like Gecko) Chrome/54.0.2840.99 Safari/537.36"
::1 - - [08/Dec/2016:17:08:55 -0500] "GET /thank_you.php HTTP/1.1" 200 27 "http://localhost/index.php" "Mozilla/5.0 (Windows NT 6.3; WOW64) AppleWebKit/537.36 (KHTML, like Gecko) Chrome/54.0.2840.99 Safari/537.36"
::1 - - [08/Dec/2016:17:29:29 -0500] "GET /index.php HTTP/1.1" 200 1697 "-" "Mozilla/5.0 (Windows NT 6.3; WOW64) AppleWebKit/537.36 (KHTML, like Gecko) Chrome/54.0.2840.99 Safari/537.36"
::1 - - [08/Dec/2016:17:29:29 -0500] "GET /resources/css/bitnami.css HTTP/1.1" 404 1194 "http://localhost/index.php" "Mozilla/5.0 (Windows NT 6.3; WOW64) AppleWebKit/537.36 (KHTML, like Gecko) Chrome/54.0.2840.99 Safari/537.36"
::1 - - [08/Dec/2016:17:29:40 -0500] "POST /index.php HTTP/1.1" 302 1971 "http://localhost/index.php" "Mozilla/5.0 (Windows NT 6.3; WOW64) AppleWebKit/537.36 (KHTML, like Gecko) Chrome/54.0.2840.99 Safari/537.36"
::1 - - [08/Dec/2016:17:30:05 -0500] "GET /thank_you.php HTTP/1.1" 200 27 "http://localhost/index.php" "Mozilla/5.0 (Windows NT 6.3; WOW64) AppleWebKit/537.36 (KHTML, like Gecko) Chrome/54.0.2840.99 Safari/537.36"
::1 - - [08/Dec/2016:17:31:03 -0500] "GET /index.php HTTP/1.1" 200 1697 "-" "Mozilla/5.0 (Windows NT 6.3; WOW64) AppleWebKit/537.36 (KHTML, like Gecko) Chrome/54.0.2840.99 Safari/537.36"
::1 - - [08/Dec/2016:17:31:03 -0500] "GET /index.php HTTP/1.1" 200 1697 "-" "Mozilla/5.0 (Windows NT 6.3; WOW64) AppleWebKit/537.36 (KHTML, like Gecko) Chrome/54.0.2840.99 Safari/537.36"
::1 - - [08/Dec/2016:17:31:03 -0500] "GET /resources/css/bitnami.css HTTP/1.1" 404 1194 "http://localhost/index.php" "Mozilla/5.0 (Windows NT 6.3; WOW64) AppleWebKit/537.36 (KHTML, like Gecko) Chrome/54.0.2840.99 Safari/537.36"
::1 - - [08/Dec/2016:17:31:12 -0500] "POST /index.php HTTP/1.1" 302 1971 "http://localhost/index.php" "Mozilla/5.0 (Windows NT 6.3; WOW64) AppleWebKit/537.36 (KHTML, like Gecko) Chrome/54.0.2840.99 Safari/537.36"
::1 - - [08/Dec/2016:17:31:19 -0500] "GET /thank_you.php HTTP/1.1" 200 27 "http://localhost/index.php" "Mozilla/5.0 (Windows NT 6.3; WOW64) AppleWebKit/537.36 (KHTML, like Gecko) Chrome/54.0.2840.99 Safari/537.36"
::1 - - [12/Dec/2016:15:38:53 -0500] "GET / HTTP/1.1" 200 1697 "-" "Mozilla/5.0 (Windows NT 6.3; WOW64) AppleWebKit/537.36 (KHTML, like Gecko) Chrome/54.0.2840.99 Safari/537.36"
::1 - - [12/Dec/2016:15:38:59 -0500] "GET /resources/css/bitnami.css HTTP/1.1" 404 1176 "http://localhost/" "Mozilla/5.0 (Windows NT 6.3; WOW64) AppleWebKit/537.36 (KHTML, like Gecko) Chrome/54.0.2840.99 Safari/537.36"
::1 - - [22/Feb/2017:20:38:06 -0500] "GET / HTTP/1.1" 200 1697 "-" "Mozilla/5.0 (Windows NT 6.3; WOW64) AppleWebKit/537.36 (KHTML, like Gecko) Chrome/56.0.2924.87 Safari/537.36"
::1 - - [22/Feb/2017:20:38:06 -0500] "GET /resources/css/bitnami.css HTTP/1.1" 404 1176 "http://localhost/" "Mozilla/5.0 (Windows NT 6.3; WOW64) AppleWebKit/537.36 (KHTML, like Gecko) Chrome/56.0.2924.87 Safari/537.36"
::1 - - [22/Feb/2017:20:38:07 -0500] "GET /favicon.ico HTTP/1.1" 200 30894 "http://localhost/" "Mozilla/5.0 (Windows NT 6.3; WOW64) AppleWebKit/537.36 (KHTML, like Gecko) Chrome/56.0.2924.87 Safari/537.36"
::1 - - [22/Feb/2017:20:41:33 -0500] "GET / HTTP/1.1" 200 1671 "-" "Mozilla/5.0 (Windows NT 6.3; WOW64) AppleWebKit/537.36 (KHTML, like Gecko) Chrome/56.0.2924.87 Safari/537.36"
::1 - - [22/Feb/2017:20:41:33 -0500] "GET /resources/css/bitnami.css HTTP/1.1" 404 1176 "http://localhost/" "Mozilla/5.0 (Windows NT 6.3; WOW64) AppleWebKit/537.36 (KHTML, like Gecko) Chrome/56.0.2924.87 Safari/537.36"
::1 - - [22/Feb/2017:20:43:33 -0500] "GET / HTTP/1.1" 200 1711 "-" "Mozilla/5.0 (Windows NT 6.3; WOW64) AppleWebKit/537.36 (KHTML, like Gecko) Chrome/56.0.2924.87 Safari/537.36"
::1 - - [22/Feb/2017:20:43:33 -0500] "GET /resources/css/bitnami.css HTTP/1.1" 404 1176 "http://localhost/" "Mozilla/5.0 (Windows NT 6.3; WOW64) AppleWebKit/537.36 (KHTML, like Gecko) Chrome/56.0.2924.87 Safari/537.36"
