[Thu Dec 08 13:48:03.850826 2016] [ssl:warn] [pid 6864:tid 408] AH01909: www.example.com:443:0 server certificate does NOT include an ID which matches the server name
[Thu Dec 08 13:48:03.925912 2016] [core:warn] [pid 6864:tid 408] AH00098: pid file F:/test/apache/logs/httpd.pid overwritten -- Unclean shutdown of previous Apache run?
[Thu Dec 08 13:48:04.020966 2016] [ssl:warn] [pid 6864:tid 408] AH01909: www.example.com:443:0 server certificate does NOT include an ID which matches the server name
[Thu Dec 08 13:48:04.058318 2016] [mpm_winnt:notice] [pid 6864:tid 408] AH00455: Apache/2.4.23 (Win32) OpenSSL/1.0.2h PHP/5.6.28 configured -- resuming normal operations
[Thu Dec 08 13:48:04.059318 2016] [mpm_winnt:notice] [pid 6864:tid 408] AH00456: Apache Lounge VC11 Server built: Jul  7 2016 11:13:22
[Thu Dec 08 13:48:04.059318 2016] [core:notice] [pid 6864:tid 408] AH00094: Command line: 'f:\\test\\apache\\bin\\httpd.exe -d F:/test/apache'
[Thu Dec 08 13:48:04.061320 2016] [mpm_winnt:notice] [pid 6864:tid 408] AH00418: Parent: Created child process 6036
[Thu Dec 08 13:48:04.532768 2016] [ssl:warn] [pid 6036:tid 384] AH01909: www.example.com:443:0 server certificate does NOT include an ID which matches the server name
[Thu Dec 08 13:48:04.688546 2016] [ssl:warn] [pid 6036:tid 384] AH01909: www.example.com:443:0 server certificate does NOT include an ID which matches the server name
[Thu Dec 08 13:48:04.724592 2016] [mpm_winnt:notice] [pid 6036:tid 384] AH00354: Child: Starting 150 worker threads.
[Thu Dec 08 13:51:19.405494 2016] [ssl:warn] [pid 13436:tid 376] AH01909: www.example.com:443:0 server certificate does NOT include an ID which matches the server name
[Thu Dec 08 13:51:19.494144 2016] [core:warn] [pid 13436:tid 376] AH00098: pid file F:/test/apache/logs/httpd.pid overwritten -- Unclean shutdown of previous Apache run?
[Thu Dec 08 13:51:19.626215 2016] [ssl:warn] [pid 13436:tid 376] AH01909: www.example.com:443:0 server certificate does NOT include an ID which matches the server name
[Thu Dec 08 13:51:19.667030 2016] [mpm_winnt:notice] [pid 13436:tid 376] AH00455: Apache/2.4.23 (Win32) OpenSSL/1.0.2h PHP/5.6.28 configured -- resuming normal operations
[Thu Dec 08 13:51:19.667030 2016] [mpm_winnt:notice] [pid 13436:tid 376] AH00456: Apache Lounge VC11 Server built: Jul  7 2016 11:13:22
[Thu Dec 08 13:51:19.667030 2016] [core:notice] [pid 13436:tid 376] AH00094: Command line: 'f:\\test\\apache\\bin\\httpd.exe -d F:/test/apache'
[Thu Dec 08 13:51:19.682041 2016] [mpm_winnt:notice] [pid 13436:tid 376] AH00418: Parent: Created child process 8008
[Thu Dec 08 13:51:20.219367 2016] [ssl:warn] [pid 8008:tid 384] AH01909: www.example.com:443:0 server certificate does NOT include an ID which matches the server name
[Thu Dec 08 13:51:20.444686 2016] [ssl:warn] [pid 8008:tid 384] AH01909: www.example.com:443:0 server certificate does NOT include an ID which matches the server name
[Thu Dec 08 13:51:20.482582 2016] [mpm_winnt:notice] [pid 8008:tid 384] AH00354: Child: Starting 150 worker threads.
[Thu Dec 08 13:53:52.769107 2016] [ssl:warn] [pid 13980:tid 408] AH01909: www.example.com:443:0 server certificate does NOT include an ID which matches the server name
[Thu Dec 08 13:53:52.887608 2016] [core:warn] [pid 13980:tid 408] AH00098: pid file F:/test/apache/logs/httpd.pid overwritten -- Unclean shutdown of previous Apache run?
[Thu Dec 08 13:53:53.011425 2016] [ssl:warn] [pid 13980:tid 408] AH01909: www.example.com:443:0 server certificate does NOT include an ID which matches the server name
[Thu Dec 08 13:53:53.044238 2016] [mpm_winnt:notice] [pid 13980:tid 408] AH00455: Apache/2.4.23 (Win32) OpenSSL/1.0.2h PHP/5.6.28 configured -- resuming normal operations
[Thu Dec 08 13:53:53.044238 2016] [mpm_winnt:notice] [pid 13980:tid 408] AH00456: Apache Lounge VC11 Server built: Jul  7 2016 11:13:22
[Thu Dec 08 13:53:53.044238 2016] [core:notice] [pid 13980:tid 408] AH00094: Command line: 'f:\\test\\apache\\bin\\httpd.exe -d F:/test/apache'
[Thu Dec 08 13:53:53.047220 2016] [mpm_winnt:notice] [pid 13980:tid 408] AH00418: Parent: Created child process 5468
[Thu Dec 08 13:53:53.507927 2016] [ssl:warn] [pid 5468:tid 388] AH01909: www.example.com:443:0 server certificate does NOT include an ID which matches the server name
[Thu Dec 08 13:53:53.712280 2016] [ssl:warn] [pid 5468:tid 388] AH01909: www.example.com:443:0 server certificate does NOT include an ID which matches the server name
[Thu Dec 08 13:53:53.747306 2016] [mpm_winnt:notice] [pid 5468:tid 388] AH00354: Child: Starting 150 worker threads.
[Thu Dec 08 14:00:26.705436 2016] [ssl:warn] [pid 9888:tid 384] AH01909: www.example.com:443:0 server certificate does NOT include an ID which matches the server name
[Thu Dec 08 14:00:26.864337 2016] [core:warn] [pid 9888:tid 384] AH00098: pid file F:/test/apache/logs/httpd.pid overwritten -- Unclean shutdown of previous Apache run?
[Thu Dec 08 14:00:26.993377 2016] [ssl:warn] [pid 9888:tid 384] AH01909: www.example.com:443:0 server certificate does NOT include an ID which matches the server name
[Thu Dec 08 14:00:27.030405 2016] [mpm_winnt:notice] [pid 9888:tid 384] AH00455: Apache/2.4.23 (Win32) OpenSSL/1.0.2h PHP/5.6.28 configured -- resuming normal operations
[Thu Dec 08 14:00:27.030405 2016] [mpm_winnt:notice] [pid 9888:tid 384] AH00456: Apache Lounge VC11 Server built: Jul  7 2016 11:13:22
[Thu Dec 08 14:00:27.030405 2016] [core:notice] [pid 9888:tid 384] AH00094: Command line: 'f:\\test\\apache\\bin\\httpd.exe -d F:/test/apache'
[Thu Dec 08 14:00:27.033414 2016] [mpm_winnt:notice] [pid 9888:tid 384] AH00418: Parent: Created child process 12004
[Thu Dec 08 14:00:27.593131 2016] [ssl:warn] [pid 12004:tid 388] AH01909: www.example.com:443:0 server certificate does NOT include an ID which matches the server name
[Thu Dec 08 14:00:27.747854 2016] [ssl:warn] [pid 12004:tid 388] AH01909: www.example.com:443:0 server certificate does NOT include an ID which matches the server name
[Thu Dec 08 14:00:27.792068 2016] [mpm_winnt:notice] [pid 12004:tid 388] AH00354: Child: Starting 150 worker threads.
[Thu Dec 08 14:04:56.322772 2016] [ssl:warn] [pid 7156:tid 376] AH01909: www.example.com:443:0 server certificate does NOT include an ID which matches the server name
[Thu Dec 08 14:04:56.396870 2016] [core:warn] [pid 7156:tid 376] AH00098: pid file F:/test/apache/logs/httpd.pid overwritten -- Unclean shutdown of previous Apache run?
[Thu Dec 08 14:04:56.534951 2016] [ssl:warn] [pid 7156:tid 376] AH01909: www.example.com:443:0 server certificate does NOT include an ID which matches the server name
[Thu Dec 08 14:04:56.568395 2016] [mpm_winnt:notice] [pid 7156:tid 376] AH00455: Apache/2.4.23 (Win32) OpenSSL/1.0.2h PHP/5.6.28 configured -- resuming normal operations
[Thu Dec 08 14:04:56.568395 2016] [mpm_winnt:notice] [pid 7156:tid 376] AH00456: Apache Lounge VC11 Server built: Jul  7 2016 11:13:22
[Thu Dec 08 14:04:56.568395 2016] [core:notice] [pid 7156:tid 376] AH00094: Command line: 'f:\\test\\apache\\bin\\httpd.exe -d F:/test/apache'
[Thu Dec 08 14:04:56.571396 2016] [mpm_winnt:notice] [pid 7156:tid 376] AH00418: Parent: Created child process 5544
[Thu Dec 08 14:04:57.016735 2016] [ssl:warn] [pid 5544:tid 340] AH01909: www.example.com:443:0 server certificate does NOT include an ID which matches the server name
[Thu Dec 08 14:04:57.262722 2016] [ssl:warn] [pid 5544:tid 340] AH01909: www.example.com:443:0 server certificate does NOT include an ID which matches the server name
[Thu Dec 08 14:04:57.298360 2016] [mpm_winnt:notice] [pid 5544:tid 340] AH00354: Child: Starting 150 worker threads.
The system cannot find the path specified.
The system cannot find the path specified.
The system cannot find the path specified.
The system cannot find the path specified.
The system cannot find the path specified.
The system cannot find the path specified.
The system cannot find the path specified.
[Thu Dec 08 14:11:09.012324 2016] [:error] [pid 5544:tid 1712] [client ::1:60939] PHP Notice:  Use of undefined constant console - assumed 'console' in F:\\test\\htdocs\\index.php on line 16, referer: http://localhost/
[Thu Dec 08 14:11:09.040344 2016] [:error] [pid 5544:tid 1712] [client ::1:60939] PHP Warning:  log() expects parameter 1 to be double, array given in F:\\test\\htdocs\\index.php on line 16, referer: http://localhost/
The system cannot find the path specified.
[Thu Dec 08 14:14:14.829775 2016] [ssl:warn] [pid 7968:tid 400] AH01909: www.example.com:443:0 server certificate does NOT include an ID which matches the server name
[Thu Dec 08 14:14:15.010438 2016] [core:warn] [pid 7968:tid 400] AH00098: pid file F:/test/apache/logs/httpd.pid overwritten -- Unclean shutdown of previous Apache run?
[Thu Dec 08 14:14:15.126519 2016] [ssl:warn] [pid 7968:tid 400] AH01909: www.example.com:443:0 server certificate does NOT include an ID which matches the server name
[Thu Dec 08 14:14:15.168549 2016] [mpm_winnt:notice] [pid 7968:tid 400] AH00455: Apache/2.4.23 (Win32) OpenSSL/1.0.2h PHP/5.6.28 configured -- resuming normal operations
[Thu Dec 08 14:14:15.168549 2016] [mpm_winnt:notice] [pid 7968:tid 400] AH00456: Apache Lounge VC11 Server built: Jul  7 2016 11:13:22
[Thu Dec 08 14:14:15.168549 2016] [core:notice] [pid 7968:tid 400] AH00094: Command line: 'f:\\test\\apache\\bin\\httpd.exe -d F:/test/apache'
[Thu Dec 08 14:14:15.170550 2016] [mpm_winnt:notice] [pid 7968:tid 400] AH00418: Parent: Created child process 268
[Thu Dec 08 14:14:15.644275 2016] [ssl:warn] [pid 268:tid 400] AH01909: www.example.com:443:0 server certificate does NOT include an ID which matches the server name
[Thu Dec 08 14:14:15.799412 2016] [ssl:warn] [pid 268:tid 400] AH01909: www.example.com:443:0 server certificate does NOT include an ID which matches the server name
[Thu Dec 08 14:14:15.838440 2016] [mpm_winnt:notice] [pid 268:tid 400] AH00354: Child: Starting 150 worker threads.
The system cannot find the path specified.
[Thu Dec 08 14:14:35.152784 2016] [:error] [pid 268:tid 1732] [client ::1:61061] PHP Notice:  Use of undefined constant console - assumed 'console' in F:\\test\\htdocs\\index.php on line 16, referer: http://localhost/
[Thu Dec 08 14:14:35.152784 2016] [:error] [pid 268:tid 1732] [client ::1:61061] PHP Warning:  log() expects parameter 1 to be double, array given in F:\\test\\htdocs\\index.php on line 16, referer: http://localhost/
The system cannot find the path specified.
[Thu Dec 08 14:15:26.527173 2016] [ssl:warn] [pid 7800:tid 408] AH01909: www.example.com:443:0 server certificate does NOT include an ID which matches the server name
[Thu Dec 08 14:15:26.624380 2016] [core:warn] [pid 7800:tid 408] AH00098: pid file F:/test/apache/logs/httpd.pid overwritten -- Unclean shutdown of previous Apache run?
[Thu Dec 08 14:15:26.756425 2016] [ssl:warn] [pid 7800:tid 408] AH01909: www.example.com:443:0 server certificate does NOT include an ID which matches the server name
[Thu Dec 08 14:15:26.793434 2016] [mpm_winnt:notice] [pid 7800:tid 408] AH00455: Apache/2.4.23 (Win32) OpenSSL/1.0.2h PHP/5.6.28 configured -- resuming normal operations
[Thu Dec 08 14:15:26.793434 2016] [mpm_winnt:notice] [pid 7800:tid 408] AH00456: Apache Lounge VC11 Server built: Jul  7 2016 11:13:22
[Thu Dec 08 14:15:26.793434 2016] [core:notice] [pid 7800:tid 408] AH00094: Command line: 'f:\\test\\apache\\bin\\httpd.exe -d F:/test/apache'
[Thu Dec 08 14:15:26.795434 2016] [mpm_winnt:notice] [pid 7800:tid 408] AH00418: Parent: Created child process 16076
[Thu Dec 08 14:15:27.305045 2016] [ssl:warn] [pid 16076:tid 388] AH01909: www.example.com:443:0 server certificate does NOT include an ID which matches the server name
[Thu Dec 08 14:15:27.459302 2016] [ssl:warn] [pid 16076:tid 388] AH01909: www.example.com:443:0 server certificate does NOT include an ID which matches the server name
[Thu Dec 08 14:15:27.495310 2016] [mpm_winnt:notice] [pid 16076:tid 388] AH00354: Child: Starting 150 worker threads.
[Thu Dec 08 14:15:46.649451 2016] [:error] [pid 16076:tid 1712] [client ::1:61120] PHP Notice:  Use of undefined constant console - assumed 'console' in F:\\test\\htdocs\\index.php on line 16, referer: http://localhost/
[Thu Dec 08 14:15:46.650449 2016] [:error] [pid 16076:tid 1712] [client ::1:61120] PHP Warning:  log() expects parameter 1 to be double, array given in F:\\test\\htdocs\\index.php on line 16, referer: http://localhost/
[Thu Dec 08 14:22:19.640947 2016] [ssl:warn] [pid 3220:tid 376] AH01909: www.example.com:443:0 server certificate does NOT include an ID which matches the server name
[Thu Dec 08 14:22:19.732115 2016] [core:warn] [pid 3220:tid 376] AH00098: pid file F:/test/apache/logs/httpd.pid overwritten -- Unclean shutdown of previous Apache run?
[Thu Dec 08 14:22:19.826183 2016] [ssl:warn] [pid 3220:tid 376] AH01909: www.example.com:443:0 server certificate does NOT include an ID which matches the server name
[Thu Dec 08 14:22:19.859206 2016] [mpm_winnt:notice] [pid 3220:tid 376] AH00455: Apache/2.4.23 (Win32) OpenSSL/1.0.2h PHP/5.6.28 configured -- resuming normal operations
[Thu Dec 08 14:22:19.859206 2016] [mpm_winnt:notice] [pid 3220:tid 376] AH00456: Apache Lounge VC11 Server built: Jul  7 2016 11:13:22
[Thu Dec 08 14:22:19.859206 2016] [core:notice] [pid 3220:tid 376] AH00094: Command line: 'f:\\test\\apache\\bin\\httpd.exe -d F:/test/apache'
[Thu Dec 08 14:22:19.862062 2016] [mpm_winnt:notice] [pid 3220:tid 376] AH00418: Parent: Created child process 13352
[Thu Dec 08 14:22:20.369659 2016] [ssl:warn] [pid 13352:tid 380] AH01909: www.example.com:443:0 server certificate does NOT include an ID which matches the server name
[Thu Dec 08 14:22:20.542376 2016] [ssl:warn] [pid 13352:tid 380] AH01909: www.example.com:443:0 server certificate does NOT include an ID which matches the server name
[Thu Dec 08 14:22:20.577403 2016] [mpm_winnt:notice] [pid 13352:tid 380] AH00354: Child: Starting 150 worker threads.
^C[Thu Dec 08 14:26:27.255790 2016] [:error] [pid 13352:tid 1720] [client ::1:61537] PHP Fatal error:  Maximum execution time of 30 seconds exceeded in F:\\test\\htdocs\\index.php on line 14, referer: http://localhost/
^C^C[Thu Dec 08 14:27:33.032099 2016] [ssl:warn] [pid 8160:tid 396] AH01909: www.example.com:443:0 server certificate does NOT include an ID which matches the server name
[Thu Dec 08 14:27:33.101135 2016] [core:warn] [pid 8160:tid 396] AH00098: pid file F:/test/apache/logs/httpd.pid overwritten -- Unclean shutdown of previous Apache run?
[Thu Dec 08 14:27:33.195181 2016] [ssl:warn] [pid 8160:tid 396] AH01909: www.example.com:443:0 server certificate does NOT include an ID which matches the server name
[Thu Dec 08 14:27:33.231207 2016] [mpm_winnt:notice] [pid 8160:tid 396] AH00455: Apache/2.4.23 (Win32) OpenSSL/1.0.2h PHP/5.6.28 configured -- resuming normal operations
[Thu Dec 08 14:27:33.231207 2016] [mpm_winnt:notice] [pid 8160:tid 396] AH00456: Apache Lounge VC11 Server built: Jul  7 2016 11:13:22
[Thu Dec 08 14:27:33.231207 2016] [core:notice] [pid 8160:tid 396] AH00094: Command line: 'f:\\test\\apache\\bin\\httpd.exe -d F:/test/apache'
[Thu Dec 08 14:27:33.234209 2016] [mpm_winnt:notice] [pid 8160:tid 396] AH00418: Parent: Created child process 12204
[Thu Dec 08 14:27:33.730426 2016] [ssl:warn] [pid 12204:tid 384] AH01909: www.example.com:443:0 server certificate does NOT include an ID which matches the server name
[Thu Dec 08 14:27:33.883079 2016] [ssl:warn] [pid 12204:tid 384] AH01909: www.example.com:443:0 server certificate does NOT include an ID which matches the server name
[Thu Dec 08 14:27:33.925165 2016] [mpm_winnt:notice] [pid 12204:tid 384] AH00354: Child: Starting 150 worker threads.
[Thu Dec 08 14:32:21.010359 2016] [ssl:warn] [pid 5896:tid 376] AH01909: www.example.com:443:0 server certificate does NOT include an ID which matches the server name
[Thu Dec 08 14:32:21.069404 2016] [core:warn] [pid 5896:tid 376] AH00098: pid file F:/test/apache/logs/httpd.pid overwritten -- Unclean shutdown of previous Apache run?
[Thu Dec 08 14:32:21.160449 2016] [ssl:warn] [pid 5896:tid 376] AH01909: www.example.com:443:0 server certificate does NOT include an ID which matches the server name
[Thu Dec 08 14:32:21.199479 2016] [mpm_winnt:notice] [pid 5896:tid 376] AH00455: Apache/2.4.23 (Win32) OpenSSL/1.0.2h PHP/5.6.28 configured -- resuming normal operations
[Thu Dec 08 14:32:21.199479 2016] [mpm_winnt:notice] [pid 5896:tid 376] AH00456: Apache Lounge VC11 Server built: Jul  7 2016 11:13:22
[Thu Dec 08 14:32:21.199479 2016] [core:notice] [pid 5896:tid 376] AH00094: Command line: 'f:\\test\\apache\\bin\\httpd.exe -d F:/test/apache'
[Thu Dec 08 14:32:21.202479 2016] [mpm_winnt:notice] [pid 5896:tid 376] AH00418: Parent: Created child process 16808
[Thu Dec 08 14:32:21.696082 2016] [ssl:warn] [pid 16808:tid 396] AH01909: www.example.com:443:0 server certificate does NOT include an ID which matches the server name
[Thu Dec 08 14:32:21.845897 2016] [ssl:warn] [pid 16808:tid 396] AH01909: www.example.com:443:0 server certificate does NOT include an ID which matches the server name
[Thu Dec 08 14:32:21.883924 2016] [mpm_winnt:notice] [pid 16808:tid 396] AH00354: Child: Starting 150 worker threads.
[Thu Dec 08 14:35:26.853150 2016] [ssl:warn] [pid 6160:tid 392] AH01909: www.example.com:443:0 server certificate does NOT include an ID which matches the server name
[Thu Dec 08 14:35:26.956189 2016] [core:warn] [pid 6160:tid 392] AH00098: pid file F:/test/apache/logs/httpd.pid overwritten -- Unclean shutdown of previous Apache run?
[Thu Dec 08 14:35:27.085213 2016] [ssl:warn] [pid 6160:tid 392] AH01909: www.example.com:443:0 server certificate does NOT include an ID which matches the server name
[Thu Dec 08 14:35:27.117255 2016] [mpm_winnt:notice] [pid 6160:tid 392] AH00455: Apache/2.4.23 (Win32) OpenSSL/1.0.2h PHP/5.6.28 configured -- resuming normal operations
[Thu Dec 08 14:35:27.117255 2016] [mpm_winnt:notice] [pid 6160:tid 392] AH00456: Apache Lounge VC11 Server built: Jul  7 2016 11:13:22
[Thu Dec 08 14:35:27.117255 2016] [core:notice] [pid 6160:tid 392] AH00094: Command line: 'f:\\test\\apache\\bin\\httpd.exe -d F:/test/apache'
[Thu Dec 08 14:35:27.120238 2016] [mpm_winnt:notice] [pid 6160:tid 392] AH00418: Parent: Created child process 11080
[Thu Dec 08 14:35:27.633698 2016] [ssl:warn] [pid 11080:tid 384] AH01909: www.example.com:443:0 server certificate does NOT include an ID which matches the server name
[Thu Dec 08 14:35:27.785280 2016] [ssl:warn] [pid 11080:tid 384] AH01909: www.example.com:443:0 server certificate does NOT include an ID which matches the server name
[Thu Dec 08 14:35:27.824423 2016] [mpm_winnt:notice] [pid 11080:tid 384] AH00354: Child: Starting 150 worker threads.
^Chu Dec 08 14:36:58.223295 2016] [ssl:warn] [pid 14352:tid 384] AH01909: www.example.com:443:0 server certificate does NOT include an ID which matches the server name
[Thu Dec 08 14:36:58.374437 2016] [core:warn] [pid 14352:tid 384] AH00098: pid file F:/test/apache/logs/httpd.pid overwritten -- Unclean shutdown of previous Apache run?
[Thu Dec 08 14:36:58.508533 2016] [ssl:warn] [pid 14352:tid 384] AH01909: www.example.com:443:0 server certificate does NOT include an ID which matches the server name
[Thu Dec 08 14:36:58.559568 2016] [mpm_winnt:notice] [pid 14352:tid 384] AH00455: Apache/2.4.23 (Win32) OpenSSL/1.0.2h PHP/5.6.28 configured -- resuming normal operations
[Thu Dec 08 14:36:58.559568 2016] [mpm_winnt:notice] [pid 14352:tid 384] AH00456: Apache Lounge VC11 Server built: Jul  7 2016 11:13:22
[Thu Dec 08 14:36:58.559568 2016] [core:notice] [pid 14352:tid 384] AH00094: Command line: 'apache\\bin\\httpd.exe -d F:/test/apache -f conf\\httpd.conf'
[Thu Dec 08 14:36:58.565572 2016] [mpm_winnt:notice] [pid 14352:tid 384] AH00418: Parent: Created child process 17016
[Thu Dec 08 14:36:59.185132 2016] [ssl:warn] [pid 17016:tid 392] AH01909: www.example.com:443:0 server certificate does NOT include an ID which matches the server name
[Thu Dec 08 14:36:59.409855 2016] [ssl:warn] [pid 17016:tid 392] AH01909: www.example.com:443:0 server certificate does NOT include an ID which matches the server name
[Thu Dec 08 14:36:59.466897 2016] [mpm_winnt:notice] [pid 17016:tid 392] AH00354: Child: Starting 150 worker threads.
[Thu Dec 08 14:38:21.749658 2016] [ssl:warn] [pid 1992:tid 384] AH01909: www.example.com:443:0 server certificate does NOT include an ID which matches the server name
[Thu Dec 08 14:38:21.848578 2016] [core:warn] [pid 1992:tid 384] AH00098: pid file F:/test/apache/logs/httpd.pid overwritten -- Unclean shutdown of previous Apache run?
[Thu Dec 08 14:38:21.947647 2016] [ssl:warn] [pid 1992:tid 384] AH01909: www.example.com:443:0 server certificate does NOT include an ID which matches the server name
[Thu Dec 08 14:38:21.984673 2016] [mpm_winnt:notice] [pid 1992:tid 384] AH00455: Apache/2.4.23 (Win32) OpenSSL/1.0.2h PHP/5.6.28 configured -- resuming normal operations
[Thu Dec 08 14:38:21.984673 2016] [mpm_winnt:notice] [pid 1992:tid 384] AH00456: Apache Lounge VC11 Server built: Jul  7 2016 11:13:22
[Thu Dec 08 14:38:21.984673 2016] [core:notice] [pid 1992:tid 384] AH00094: Command line: 'f:\\test\\apache\\bin\\httpd.exe -d F:/test/apache'
[Thu Dec 08 14:38:21.987675 2016] [mpm_winnt:notice] [pid 1992:tid 384] AH00418: Parent: Created child process 9888
[Thu Dec 08 14:38:22.534616 2016] [ssl:warn] [pid 9888:tid 384] AH01909: www.example.com:443:0 server certificate does NOT include an ID which matches the server name
[Thu Dec 08 14:38:22.706345 2016] [ssl:warn] [pid 9888:tid 384] AH01909: www.example.com:443:0 server certificate does NOT include an ID which matches the server name
[Thu Dec 08 14:38:22.744170 2016] [mpm_winnt:notice] [pid 9888:tid 384] AH00354: Child: Starting 150 worker threads.
[Thu Dec 08 14:40:39.564672 2016] [ssl:warn] [pid 14316:tid 396] AH01909: www.example.com:443:0 server certificate does NOT include an ID which matches the server name
[Thu Dec 08 14:40:39.639164 2016] [core:warn] [pid 14316:tid 396] AH00098: pid file F:/test/apache/logs/httpd.pid overwritten -- Unclean shutdown of previous Apache run?
[Thu Dec 08 14:40:39.737231 2016] [ssl:warn] [pid 14316:tid 396] AH01909: www.example.com:443:0 server certificate does NOT include an ID which matches the server name
[Thu Dec 08 14:40:39.773257 2016] [mpm_winnt:notice] [pid 14316:tid 396] AH00455: Apache/2.4.23 (Win32) OpenSSL/1.0.2h PHP/5.6.28 configured -- resuming normal operations
[Thu Dec 08 14:40:39.773257 2016] [mpm_winnt:notice] [pid 14316:tid 396] AH00456: Apache Lounge VC11 Server built: Jul  7 2016 11:13:22
[Thu Dec 08 14:40:39.773257 2016] [core:notice] [pid 14316:tid 396] AH00094: Command line: 'f:\\test\\apache\\bin\\httpd.exe -d F:/test/apache'
[Thu Dec 08 14:40:39.775472 2016] [mpm_winnt:notice] [pid 14316:tid 396] AH00418: Parent: Created child process 17336
[Thu Dec 08 14:40:40.241244 2016] [ssl:warn] [pid 17336:tid 384] AH01909: www.example.com:443:0 server certificate does NOT include an ID which matches the server name
[Thu Dec 08 14:40:40.423627 2016] [ssl:warn] [pid 17336:tid 384] AH01909: www.example.com:443:0 server certificate does NOT include an ID which matches the server name
[Thu Dec 08 14:40:40.458651 2016] [mpm_winnt:notice] [pid 17336:tid 384] AH00354: Child: Starting 150 worker threads.
[Thu Dec 08 16:01:23.823741 2016] [ssl:warn] [pid 2156:tid 380] AH01909: www.example.com:443:0 server certificate does NOT include an ID which matches the server name
[Thu Dec 08 16:01:23.915164 2016] [core:warn] [pid 2156:tid 380] AH00098: pid file F:/test/apache/logs/httpd.pid overwritten -- Unclean shutdown of previous Apache run?
[Thu Dec 08 16:01:24.058667 2016] [ssl:warn] [pid 2156:tid 380] AH01909: www.example.com:443:0 server certificate does NOT include an ID which matches the server name
[Thu Dec 08 16:01:24.091711 2016] [mpm_winnt:notice] [pid 2156:tid 380] AH00455: Apache/2.4.23 (Win32) OpenSSL/1.0.2h PHP/5.6.28 configured -- resuming normal operations
[Thu Dec 08 16:01:24.091711 2016] [mpm_winnt:notice] [pid 2156:tid 380] AH00456: Apache Lounge VC11 Server built: Jul  7 2016 11:13:22
[Thu Dec 08 16:01:24.091711 2016] [core:notice] [pid 2156:tid 380] AH00094: Command line: 'f:\\test\\apache\\bin\\httpd.exe -d F:/test/apache'
[Thu Dec 08 16:01:24.093694 2016] [mpm_winnt:notice] [pid 2156:tid 380] AH00418: Parent: Created child process 2724
[Thu Dec 08 16:01:24.659965 2016] [ssl:warn] [pid 2724:tid 384] AH01909: www.example.com:443:0 server certificate does NOT include an ID which matches the server name
[Thu Dec 08 16:01:24.878801 2016] [ssl:warn] [pid 2724:tid 384] AH01909: www.example.com:443:0 server certificate does NOT include an ID which matches the server name
[Thu Dec 08 16:01:24.912844 2016] [mpm_winnt:notice] [pid 2724:tid 384] AH00354: Child: Starting 150 worker threads.
[Thu Dec 08 16:01:35.634357 2016] [ssl:warn] [pid 6872:tid 380] AH01909: www.example.com:443:0 server certificate does NOT include an ID which matches the server name
[Thu Dec 08 16:01:35.767451 2016] [core:warn] [pid 6872:tid 380] AH00098: pid file F:/test/apache/logs/httpd.pid overwritten -- Unclean shutdown of previous Apache run?
[Thu Dec 08 16:01:35.873526 2016] [ssl:warn] [pid 6872:tid 380] AH01909: www.example.com:443:0 server certificate does NOT include an ID which matches the server name
[Thu Dec 08 16:01:35.908551 2016] [mpm_winnt:notice] [pid 6872:tid 380] AH00455: Apache/2.4.23 (Win32) OpenSSL/1.0.2h PHP/5.6.28 configured -- resuming normal operations
[Thu Dec 08 16:01:35.909552 2016] [mpm_winnt:notice] [pid 6872:tid 380] AH00456: Apache Lounge VC11 Server built: Jul  7 2016 11:13:22
[Thu Dec 08 16:01:35.909552 2016] [core:notice] [pid 6872:tid 380] AH00094: Command line: 'f:\\test\\apache\\bin\\httpd.exe -d F:/test/apache'
[Thu Dec 08 16:01:35.911554 2016] [mpm_winnt:notice] [pid 6872:tid 380] AH00418: Parent: Created child process 13240
[Thu Dec 08 16:01:36.404905 2016] [ssl:warn] [pid 13240:tid 400] AH01909: www.example.com:443:0 server certificate does NOT include an ID which matches the server name
[Thu Dec 08 16:01:36.559149 2016] [ssl:warn] [pid 13240:tid 400] AH01909: www.example.com:443:0 server certificate does NOT include an ID which matches the server name
[Thu Dec 08 16:01:36.594984 2016] [mpm_winnt:notice] [pid 13240:tid 400] AH00354: Child: Starting 150 worker threads.
[Thu Dec 08 16:11:23.015588 2016] [ssl:warn] [pid 9084:tid 384] AH01909: www.example.com:443:0 server certificate does NOT include an ID which matches the server name
[Thu Dec 08 16:11:23.095402 2016] [core:warn] [pid 9084:tid 384] AH00098: pid file F:/test/apache/logs/httpd.pid overwritten -- Unclean shutdown of previous Apache run?
[Thu Dec 08 16:11:23.231468 2016] [ssl:warn] [pid 9084:tid 384] AH01909: www.example.com:443:0 server certificate does NOT include an ID which matches the server name
[Thu Dec 08 16:11:23.265155 2016] [mpm_winnt:notice] [pid 9084:tid 384] AH00455: Apache/2.4.23 (Win32) OpenSSL/1.0.2h PHP/5.6.28 configured -- resuming normal operations
[Thu Dec 08 16:11:23.265155 2016] [mpm_winnt:notice] [pid 9084:tid 384] AH00456: Apache Lounge VC11 Server built: Jul  7 2016 11:13:22
[Thu Dec 08 16:11:23.265155 2016] [core:notice] [pid 9084:tid 384] AH00094: Command line: 'f:\\test\\apache\\bin\\httpd.exe -d F:/test/apache'
[Thu Dec 08 16:11:23.267987 2016] [mpm_winnt:notice] [pid 9084:tid 384] AH00418: Parent: Created child process 4764
[Thu Dec 08 16:11:23.734690 2016] [ssl:warn] [pid 4764:tid 384] AH01909: www.example.com:443:0 server certificate does NOT include an ID which matches the server name
[Thu Dec 08 16:11:23.880006 2016] [ssl:warn] [pid 4764:tid 384] AH01909: www.example.com:443:0 server certificate does NOT include an ID which matches the server name
[Thu Dec 08 16:11:23.913809 2016] [mpm_winnt:notice] [pid 4764:tid 384] AH00354: Child: Starting 150 worker threads.
[Thu Dec 08 16:13:25.824837 2016] [:error] [pid 4764:tid 1720] [client ::1:51634] PHP Notice:  Undefined index: first_name in F:\\test\\htdocs\\index.php on line 5, referer: http://localhost/index.php
[Thu Dec 08 16:13:25.824837 2016] [:error] [pid 4764:tid 1720] [client ::1:51634] PHP Notice:  Undefined index: last_name in F:\\test\\htdocs\\index.php on line 6, referer: http://localhost/index.php
[Thu Dec 08 16:20:48.552449 2016] [:error] [pid 4764:tid 1720] [client ::1:51940] PHP Notice:  Undefined index: first_name in F:\\test\\htdocs\\index.php on line 5, referer: http://localhost/index.php
[Thu Dec 08 16:20:48.552449 2016] [:error] [pid 4764:tid 1720] [client ::1:51940] PHP Notice:  Undefined index: last_name in F:\\test\\htdocs\\index.php on line 6, referer: http://localhost/index.php
[Thu Dec 08 16:37:57.909491 2016] [ssl:warn] [pid 16124:tid 380] AH01909: www.example.com:443:0 server certificate does NOT include an ID which matches the server name
[Thu Dec 08 16:37:57.994686 2016] [core:warn] [pid 16124:tid 380] AH00098: pid file F:/test/apache/logs/httpd.pid overwritten -- Unclean shutdown of previous Apache run?
[Thu Dec 08 16:37:58.085731 2016] [ssl:warn] [pid 16124:tid 380] AH01909: www.example.com:443:0 server certificate does NOT include an ID which matches the server name
[Thu Dec 08 16:37:58.117773 2016] [mpm_winnt:notice] [pid 16124:tid 380] AH00455: Apache/2.4.23 (Win32) OpenSSL/1.0.2h PHP/5.6.28 configured -- resuming normal operations
[Thu Dec 08 16:37:58.118774 2016] [mpm_winnt:notice] [pid 16124:tid 380] AH00456: Apache Lounge VC11 Server built: Jul  7 2016 11:13:22
[Thu Dec 08 16:37:58.118774 2016] [core:notice] [pid 16124:tid 380] AH00094: Command line: 'f:\\test\\apache\\bin\\httpd.exe -d F:/test/apache'
[Thu Dec 08 16:37:58.120756 2016] [mpm_winnt:notice] [pid 16124:tid 380] AH00418: Parent: Created child process 12236
[Thu Dec 08 16:37:58.567331 2016] [ssl:warn] [pid 12236:tid 384] AH01909: www.example.com:443:0 server certificate does NOT include an ID which matches the server name
[Thu Dec 08 16:37:58.711221 2016] [ssl:warn] [pid 12236:tid 384] AH01909: www.example.com:443:0 server certificate does NOT include an ID which matches the server name
[Thu Dec 08 16:37:58.744246 2016] [mpm_winnt:notice] [pid 12236:tid 384] AH00354: Child: Starting 150 worker threads.
[Thu Dec 08 17:08:28.126408 2016] [ssl:warn] [pid 16648:tid 376] AH01909: www.example.com:443:0 server certificate does NOT include an ID which matches the server name
[Thu Dec 08 17:08:28.232351 2016] [core:warn] [pid 16648:tid 376] AH00098: pid file F:/test/apache/logs/httpd.pid overwritten -- Unclean shutdown of previous Apache run?
[Thu Dec 08 17:08:28.353435 2016] [ssl:warn] [pid 16648:tid 376] AH01909: www.example.com:443:0 server certificate does NOT include an ID which matches the server name
[Thu Dec 08 17:08:28.388459 2016] [mpm_winnt:notice] [pid 16648:tid 376] AH00455: Apache/2.4.23 (Win32) OpenSSL/1.0.2h PHP/5.6.28 configured -- resuming normal operations
[Thu Dec 08 17:08:28.388459 2016] [mpm_winnt:notice] [pid 16648:tid 376] AH00456: Apache Lounge VC11 Server built: Jul  7 2016 11:13:22
[Thu Dec 08 17:08:28.388459 2016] [core:notice] [pid 16648:tid 376] AH00094: Command line: 'f:\\test\\apache\\bin\\httpd.exe -d F:/test/apache'
[Thu Dec 08 17:08:28.391463 2016] [mpm_winnt:notice] [pid 16648:tid 376] AH00418: Parent: Created child process 3372
[Thu Dec 08 17:08:28.870673 2016] [ssl:warn] [pid 3372:tid 384] AH01909: www.example.com:443:0 server certificate does NOT include an ID which matches the server name
[Thu Dec 08 17:08:29.026245 2016] [ssl:warn] [pid 3372:tid 384] AH01909: www.example.com:443:0 server certificate does NOT include an ID which matches the server name
[Thu Dec 08 17:08:29.060289 2016] [mpm_winnt:notice] [pid 3372:tid 384] AH00354: Child: Starting 150 worker threads.
[Thu Dec 08 17:08:48.948942 2016] [:error] [pid 3372:tid 1708] [client ::1:53788] PHP Notice:  Undefined index: first_name in F:\\test\\htdocs\\index.php on line 5, referer: http://localhost/index.php
[Thu Dec 08 17:08:48.948942 2016] [:error] [pid 3372:tid 1708] [client ::1:53788] PHP Notice:  Undefined index: last_name in F:\\test\\htdocs\\index.php on line 6, referer: http://localhost/index.php
[Thu Dec 08 17:29:40.637442 2016] [:error] [pid 3372:tid 1720] [client ::1:54762] PHP Notice:  Undefined index: first_name in F:\\test\\htdocs\\index.php on line 5, referer: http://localhost/index.php
[Thu Dec 08 17:29:40.637442 2016] [:error] [pid 3372:tid 1720] [client ::1:54762] PHP Notice:  Undefined index: last_name in F:\\test\\htdocs\\index.php on line 6, referer: http://localhost/index.php
[Thu Dec 08 17:31:12.982949 2016] [:error] [pid 3372:tid 1716] [client ::1:54851] PHP Notice:  Undefined index: first_name in F:\\test\\htdocs\\index.php on line 5, referer: http://localhost/index.php
[Thu Dec 08 17:31:12.982949 2016] [:error] [pid 3372:tid 1716] [client ::1:54851] PHP Notice:  Undefined index: last_name in F:\\test\\htdocs\\index.php on line 6, referer: http://localhost/index.php
[Wed Feb 22 20:36:56.786901 2017] [ssl:warn] [pid 10504:tid 352] AH01909: www.example.com:443:0 server certificate does NOT include an ID which matches the server name
[Wed Feb 22 20:36:56.942132 2017] [core:warn] [pid 10504:tid 352] AH00098: pid file F:/test/apache/logs/httpd.pid overwritten -- Unclean shutdown of previous Apache run?
[Wed Feb 22 20:36:57.071307 2017] [ssl:warn] [pid 10504:tid 352] AH01909: www.example.com:443:0 server certificate does NOT include an ID which matches the server name
[Wed Feb 22 20:36:58.750179 2017] [mpm_winnt:notice] [pid 10504:tid 352] AH00455: Apache/2.4.23 (Win32) OpenSSL/1.0.2h PHP/5.6.28 configured -- resuming normal operations
[Wed Feb 22 20:36:58.750179 2017] [mpm_winnt:notice] [pid 10504:tid 352] AH00456: Apache Lounge VC11 Server built: Jul  7 2016 11:13:22
[Wed Feb 22 20:36:58.750179 2017] [core:notice] [pid 10504:tid 352] AH00094: Command line: 'f:\\test\\apache\\bin\\httpd.exe -d F:/test/apache'
[Wed Feb 22 20:36:58.756894 2017] [mpm_winnt:notice] [pid 10504:tid 352] AH00418: Parent: Created child process 4500
[Wed Feb 22 20:36:59.273713 2017] [ssl:warn] [pid 4500:tid 392] AH01909: www.example.com:443:0 server certificate does NOT include an ID which matches the server name
[Wed Feb 22 20:36:59.421247 2017] [ssl:warn] [pid 4500:tid 392] AH01909: www.example.com:443:0 server certificate does NOT include an ID which matches the server name
[Wed Feb 22 20:36:59.484563 2017] [mpm_winnt:notice] [pid 4500:tid 392] AH00354: Child: Starting 150 worker threads.
[Wed Feb 22 20:37:22.713804 2017] [ssl:warn] [pid 12540:tid 376] AH01909: www.example.com:443:0 server certificate does NOT include an ID which matches the server name
[Wed Feb 22 20:37:22.807482 2017] [core:warn] [pid 12540:tid 376] AH00098: pid file F:/test/apache/logs/httpd.pid overwritten -- Unclean shutdown of previous Apache run?
[Wed Feb 22 20:37:22.929691 2017] [ssl:warn] [pid 12540:tid 376] AH01909: www.example.com:443:0 server certificate does NOT include an ID which matches the server name
[Wed Feb 22 20:37:22.961714 2017] [mpm_winnt:notice] [pid 12540:tid 376] AH00455: Apache/2.4.23 (Win32) OpenSSL/1.0.2h PHP/5.6.28 configured -- resuming normal operations
[Wed Feb 22 20:37:22.961714 2017] [mpm_winnt:notice] [pid 12540:tid 376] AH00456: Apache Lounge VC11 Server built: Jul  7 2016 11:13:22
[Wed Feb 22 20:37:22.961714 2017] [core:notice] [pid 12540:tid 376] AH00094: Command line: 'f:\\test\\apache\\bin\\httpd.exe -d F:/test/apache'
[Wed Feb 22 20:37:22.964102 2017] [mpm_winnt:notice] [pid 12540:tid 376] AH00418: Parent: Created child process 12964
[Wed Feb 22 20:37:23.464315 2017] [ssl:warn] [pid 12964:tid 384] AH01909: www.example.com:443:0 server certificate does NOT include an ID which matches the server name
[Wed Feb 22 20:37:23.675065 2017] [ssl:warn] [pid 12964:tid 384] AH01909: www.example.com:443:0 server certificate does NOT include an ID which matches the server name
[Wed Feb 22 20:37:23.709088 2017] [mpm_winnt:notice] [pid 12964:tid 384] AH00354: Child: Starting 150 worker threads.
