2015-11-10 15:26:56 10fc InnoDB: Warning: Using innodb_additional_mem_pool_size is DEPRECATED. This option may be removed in future releases, together with the option innodb_use_sys_malloc and with the InnoDB's internal memory allocator.
2015-11-10 15:26:56 4348 [Note] InnoDB: Using mutexes to ref count buffer pool pages
2015-11-10 15:26:56 4348 [Note] InnoDB: The InnoDB memory heap is disabled
2015-11-10 15:26:56 4348 [Note] InnoDB: Mutexes and rw_locks use Windows interlocked functions
2015-11-10 15:26:56 4348 [Note] InnoDB: Memory barrier is not used
2015-11-10 15:26:56 4348 [Note] InnoDB: Compressed tables use zlib 1.2.3
2015-11-10 15:26:56 4348 [Note] InnoDB: Not using CPU crc32 instructions
2015-11-10 15:26:56 4348 [Note] InnoDB: Initializing buffer pool, size = 16.0M
2015-11-10 15:26:56 4348 [Note] InnoDB: Completed initialization of buffer pool
2015-11-10 15:26:56 4348 [Note] InnoDB: Highest supported file format is Barracuda.
2015-11-10 15:26:57 4348 [Note] InnoDB: 128 rollback segment(s) are active.
2015-11-10 15:26:57 4348 [Note] InnoDB: Waiting for purge to start
2015-11-10 15:26:57 4348 [Note] InnoDB:  Percona XtraDB (http://www.percona.com) 5.6.26-74.0 started; log sequence number 1835027
2015-11-10 15:26:57 6140 [Note] InnoDB: Dumping buffer pool(s) not yet started
2015-11-10 15:26:57 4348 [Note] Plugin 'FEEDBACK' is disabled.
2015-11-10 15:26:57 4348 [Note] Server socket created on IP: '::'.
2015-11-10 15:26:57 4348 [Note] Event Scheduler: Loaded 0 events
2015-11-10 15:26:57 4348 [Note] C:\xampp\mysql\bin\mysqld.exe: ready for connections.
Version: '10.1.8-MariaDB'  socket: ''  port: 3306  mariadb.org binary distribution
2015-11-10 15:27:11 5152 [Note] C:\xampp\mysql\bin\mysqld.exe: Normal shutdown

2015-11-10 15:27:11 5152 [Note] Event Scheduler: Purging the queue. 0 events
2015-11-10 15:27:11 5732 [Note] InnoDB: FTS optimize thread exiting.
2015-11-10 15:27:11 5152 [Note] InnoDB: Starting shutdown...
2015-11-10 15:27:13 5152 [Note] InnoDB: Shutdown completed; log sequence number 1835037
2015-11-10 15:27:13 5152 [Note] C:\xampp\mysql\bin\mysqld.exe: Shutdown complete

2016-12-07 22:43:20 345c InnoDB: Warning: Using innodb_additional_mem_pool_size is DEPRECATED. This option may be removed in future releases, together with the option innodb_use_sys_malloc and with the InnoDB's internal memory allocator.
2016-12-07 22:43:20 13404 [Note] InnoDB: innodb_empty_free_list_algorithm has been changed to legacy because of small buffer pool size. In order to use backoff, increase buffer pool at least up to 20MB.

2016-12-07 22:43:20 13404 [Note] InnoDB: Using mutexes to ref count buffer pool pages
2016-12-07 22:43:20 13404 [Note] InnoDB: The InnoDB memory heap is disabled
2016-12-07 22:43:20 13404 [Note] InnoDB: Mutexes and rw_locks use Windows interlocked functions
2016-12-07 22:43:20 13404 [Note] InnoDB: _mm_lfence() and _mm_sfence() are used for memory barrier
2016-12-07 22:43:20 13404 [Note] InnoDB: Compressed tables use zlib 1.2.3
2016-12-07 22:43:20 13404 [Note] InnoDB: Using generic crc32 instructions
2016-12-07 22:43:20 13404 [Note] InnoDB: Initializing buffer pool, size = 16.0M
2016-12-07 22:43:20 13404 [Note] InnoDB: Completed initialization of buffer pool
2016-12-07 22:43:21 13404 [Note] InnoDB: Highest supported file format is Barracuda.
2016-12-07 22:43:21 13404 [Note] InnoDB: 128 rollback segment(s) are active.
2016-12-07 22:43:21 13404 [Note] InnoDB: Creating zip_dict and zip_dict_cols system tables.
2016-12-07 22:43:22 13404 [Note] InnoDB: zip_dict and zip_dict_cols system tables created.
2016-12-07 22:43:22 13404 [Note] InnoDB: Waiting for purge to start
2016-12-07 22:43:22 13404 [Note] InnoDB:  Percona XtraDB (http://www.percona.com) 5.6.32-79.0 started; log sequence number 1835037
2016-12-07 22:43:23 11084 [Note] InnoDB: Dumping buffer pool(s) not yet started
2016-12-07 22:43:23 13404 [Note] Plugin 'FEEDBACK' is disabled.
2016-12-07 22:43:23 13404 [Note] Server socket created on IP: '::'.
2016-12-07 22:43:23 13404 [ERROR] Can't start server: Bind on TCP/IP port. Got error: 10048: Only one usage of each socket address (protocol/network address/port) is normally permitted.

2016-12-07 22:43:23 13404 [ERROR] Do you already have another mysqld server running on port: 3306 ?
2016-12-07 22:43:23 13404 [ERROR] Aborting

2016-12-08 14:37:05 4054 InnoDB: Warning: Using innodb_additional_mem_pool_size is DEPRECATED. This option may be removed in future releases, together with the option innodb_use_sys_malloc and with the InnoDB's internal memory allocator.
2016-12-08 14:37:05 16468 [Note] InnoDB: innodb_empty_free_list_algorithm has been changed to legacy because of small buffer pool size. In order to use backoff, increase buffer pool at least up to 20MB.

2016-12-08 14:37:05 16468 [Note] InnoDB: Using mutexes to ref count buffer pool pages
2016-12-08 14:37:05 16468 [Note] InnoDB: The InnoDB memory heap is disabled
2016-12-08 14:37:05 16468 [Note] InnoDB: Mutexes and rw_locks use Windows interlocked functions
2016-12-08 14:37:05 16468 [Note] InnoDB: _mm_lfence() and _mm_sfence() are used for memory barrier
2016-12-08 14:37:05 16468 [Note] InnoDB: Compressed tables use zlib 1.2.3
2016-12-08 14:37:05 16468 [Note] InnoDB: Using generic crc32 instructions
2016-12-08 14:37:05 16468 [Note] InnoDB: Initializing buffer pool, size = 16.0M
2016-12-08 14:37:05 16468 [Note] InnoDB: Completed initialization of buffer pool
2016-12-08 14:37:05 16468 [Note] InnoDB: Highest supported file format is Barracuda.
2016-12-08 14:37:06 16468 [Note] InnoDB: 128 rollback segment(s) are active.
2016-12-08 14:37:06 16468 [Note] InnoDB: Waiting for purge to start
2016-12-08 14:37:06 16468 [Note] InnoDB:  Percona XtraDB (http://www.percona.com) 5.6.32-79.0 started; log sequence number 1840325
2016-12-08 14:37:06 6520 [Note] InnoDB: Dumping buffer pool(s) not yet started
2016-12-08 14:37:07 16468 [Note] Plugin 'FEEDBACK' is disabled.
2016-12-08 14:37:07 16468 [Note] Server socket created on IP: '::'.
2016-12-08 14:37:07 16468 [ERROR] Can't start server: Bind on TCP/IP port. Got error: 10048: Only one usage of each socket address (protocol/network address/port) is normally permitted.

2016-12-08 14:37:07 16468 [ERROR] Do you already have another mysqld server running on port: 3306 ?
2016-12-08 14:37:07 16468 [ERROR] Aborting

